2020-08-244 13:02:56 1 DEBUG [main] - CookieSpec selected: standard
2020-08-244 13:02:56 28 DEBUG [main] - Auth cache not set in the context
2020-08-244 13:02:56 34 DEBUG [main] - Connection request: [route: {s}->https://raw.githubusercontent.com:443][total kept alive: 0; route allocated: 0 of 2; total allocated: 0 of 20]
2020-08-244 13:02:56 80 DEBUG [main] - Connection leased: [id: 0][route: {s}->https://raw.githubusercontent.com:443][total kept alive: 0; route allocated: 1 of 2; total allocated: 1 of 20]
2020-08-244 13:02:56 86 DEBUG [main] - Opening connection {s}->https://raw.githubusercontent.com:443
2020-08-244 13:02:56 256 DEBUG [main] - Connecting to raw.githubusercontent.com/151.101.152.133:443
2020-08-244 13:02:56 257 DEBUG [main] - Connecting socket to raw.githubusercontent.com/151.101.152.133:443 with timeout 0
2020-08-244 13:02:57 561 DEBUG [main] - Enabled protocols: [TLSv1, TLSv1.1, TLSv1.2]
2020-08-244 13:02:57 562 DEBUG [main] - Enabled cipher suites:[TLS_ECDHE_ECDSA_WITH_AES_256_CBC_SHA384, TLS_ECDHE_RSA_WITH_AES_256_CBC_SHA384, TLS_RSA_WITH_AES_256_CBC_SHA256, TLS_ECDH_ECDSA_WITH_AES_256_CBC_SHA384, TLS_ECDH_RSA_WITH_AES_256_CBC_SHA384, TLS_DHE_RSA_WITH_AES_256_CBC_SHA256, TLS_DHE_DSS_WITH_AES_256_CBC_SHA256, TLS_ECDHE_ECDSA_WITH_AES_256_CBC_SHA, TLS_ECDHE_RSA_WITH_AES_256_CBC_SHA, TLS_RSA_WITH_AES_256_CBC_SHA, TLS_ECDH_ECDSA_WITH_AES_256_CBC_SHA, TLS_ECDH_RSA_WITH_AES_256_CBC_SHA, TLS_DHE_RSA_WITH_AES_256_CBC_SHA, TLS_DHE_DSS_WITH_AES_256_CBC_SHA, TLS_ECDHE_ECDSA_WITH_AES_128_CBC_SHA256, TLS_ECDHE_RSA_WITH_AES_128_CBC_SHA256, TLS_RSA_WITH_AES_128_CBC_SHA256, TLS_ECDH_ECDSA_WITH_AES_128_CBC_SHA256, TLS_ECDH_RSA_WITH_AES_128_CBC_SHA256, TLS_DHE_RSA_WITH_AES_128_CBC_SHA256, TLS_DHE_DSS_WITH_AES_128_CBC_SHA256, TLS_ECDHE_ECDSA_WITH_AES_128_CBC_SHA, TLS_ECDHE_RSA_WITH_AES_128_CBC_SHA, TLS_RSA_WITH_AES_128_CBC_SHA, TLS_ECDH_ECDSA_WITH_AES_128_CBC_SHA, TLS_ECDH_RSA_WITH_AES_128_CBC_SHA, TLS_DHE_RSA_WITH_AES_128_CBC_SHA, TLS_DHE_DSS_WITH_AES_128_CBC_SHA, TLS_ECDHE_ECDSA_WITH_AES_256_GCM_SHA384, TLS_ECDHE_ECDSA_WITH_AES_128_GCM_SHA256, TLS_ECDHE_RSA_WITH_AES_256_GCM_SHA384, TLS_RSA_WITH_AES_256_GCM_SHA384, TLS_ECDH_ECDSA_WITH_AES_256_GCM_SHA384, TLS_ECDH_RSA_WITH_AES_256_GCM_SHA384, TLS_DHE_RSA_WITH_AES_256_GCM_SHA384, TLS_DHE_DSS_WITH_AES_256_GCM_SHA384, TLS_ECDHE_RSA_WITH_AES_128_GCM_SHA256, TLS_RSA_WITH_AES_128_GCM_SHA256, TLS_ECDH_ECDSA_WITH_AES_128_GCM_SHA256, TLS_ECDH_RSA_WITH_AES_128_GCM_SHA256, TLS_DHE_RSA_WITH_AES_128_GCM_SHA256, TLS_DHE_DSS_WITH_AES_128_GCM_SHA256, TLS_EMPTY_RENEGOTIATION_INFO_SCSV]
2020-08-244 13:02:57 563 DEBUG [main] - Starting handshake
2020-08-244 13:02:57 934 DEBUG [main] - Secure session established
2020-08-244 13:02:57 936 DEBUG [main] -  negotiated protocol: TLSv1.2
2020-08-244 13:02:57 937 DEBUG [main] -  negotiated cipher suite: TLS_ECDHE_RSA_WITH_AES_128_GCM_SHA256
2020-08-244 13:02:57 938 DEBUG [main] -  peer principal: CN=www.github.com, O="GitHub, Inc.", L=San Francisco, ST=California, C=US
2020-08-244 13:02:57 939 DEBUG [main] -  peer alternative names: [www.github.com, *.github.com, github.com, *.github.io, github.io, *.githubusercontent.com, githubusercontent.com]
2020-08-244 13:02:57 940 DEBUG [main] -  issuer principal: CN=DigiCert SHA2 High Assurance Server CA, OU=www.digicert.com, O=DigiCert Inc, C=US
2020-08-244 13:02:57 946 DEBUG [main] - Connection established 192.168.42.180:49402<->151.101.152.133:443
2020-08-244 13:02:57 947 DEBUG [main] - http-outgoing-0: set socket timeout to 30000
2020-08-244 13:02:57 949 DEBUG [main] - Executing request GET /bonigarcia/webdrivermanager/master/src/main/resources/versions.properties HTTP/1.1
2020-08-244 13:02:57 949 DEBUG [main] - Target auth state: UNCHALLENGED
2020-08-244 13:02:57 952 DEBUG [main] - Proxy auth state: UNCHALLENGED
2020-08-244 13:02:57 958 DEBUG [main] - http-outgoing-0 >> GET /bonigarcia/webdrivermanager/master/src/main/resources/versions.properties HTTP/1.1
2020-08-244 13:02:57 959 DEBUG [main] - http-outgoing-0 >> User-Agent: Apache-HttpClient/4.5.6
2020-08-244 13:02:57 960 DEBUG [main] - http-outgoing-0 >> Connection: keep-alive
2020-08-244 13:02:57 962 DEBUG [main] - http-outgoing-0 >> Host: raw.githubusercontent.com
2020-08-244 13:02:57 963 DEBUG [main] - http-outgoing-0 >> Accept-Encoding: gzip,deflate
2020-08-244 13:02:57 964 DEBUG [main] - http-outgoing-0 >> "GET /bonigarcia/webdrivermanager/master/src/main/resources/versions.properties HTTP/1.1[\r][\n]"
2020-08-244 13:02:57 965 DEBUG [main] - http-outgoing-0 >> "User-Agent: Apache-HttpClient/4.5.6[\r][\n]"
2020-08-244 13:02:57 966 DEBUG [main] - http-outgoing-0 >> "Connection: keep-alive[\r][\n]"
2020-08-244 13:02:57 967 DEBUG [main] - http-outgoing-0 >> "Host: raw.githubusercontent.com[\r][\n]"
2020-08-244 13:02:57 968 DEBUG [main] - http-outgoing-0 >> "Accept-Encoding: gzip,deflate[\r][\n]"
2020-08-244 13:02:57 968 DEBUG [main] - http-outgoing-0 >> "[\r][\n]"
2020-08-244 13:02:57 1013 DEBUG [main] - http-outgoing-0 << "HTTP/1.1 200 OK[\r][\n]"
2020-08-244 13:02:57 1015 DEBUG [main] - http-outgoing-0 << "Connection: keep-alive[\r][\n]"
2020-08-244 13:02:57 1015 DEBUG [main] - http-outgoing-0 << "Content-Length: 860[\r][\n]"
2020-08-244 13:02:57 1016 DEBUG [main] - http-outgoing-0 << "Content-Type: text/plain; charset=utf-8[\r][\n]"
2020-08-244 13:02:57 1017 DEBUG [main] - http-outgoing-0 << "Cache-Control: max-age=300[\r][\n]"
2020-08-244 13:02:57 1018 DEBUG [main] - http-outgoing-0 << "Content-Security-Policy: default-src 'none'; style-src 'unsafe-inline'; sandbox[\r][\n]"
2020-08-244 13:02:57 1019 DEBUG [main] - http-outgoing-0 << "ETag: W/"73aceb0931461deb99d517c6e2db79b9ceac383560b2cee6c78002b1f84b19b1"[\r][\n]"
2020-08-244 13:02:57 1020 DEBUG [main] - http-outgoing-0 << "Strict-Transport-Security: max-age=31536000[\r][\n]"
2020-08-244 13:02:57 1020 DEBUG [main] - http-outgoing-0 << "X-Content-Type-Options: nosniff[\r][\n]"
2020-08-244 13:02:57 1022 DEBUG [main] - http-outgoing-0 << "X-Frame-Options: deny[\r][\n]"
2020-08-244 13:02:57 1023 DEBUG [main] - http-outgoing-0 << "X-XSS-Protection: 1; mode=block[\r][\n]"
2020-08-244 13:02:57 1024 DEBUG [main] - http-outgoing-0 << "Via: 1.1 varnish (Varnish/6.0)[\r][\n]"
2020-08-244 13:02:57 1025 DEBUG [main] - http-outgoing-0 << "Content-Encoding: gzip[\r][\n]"
2020-08-244 13:02:57 1025 DEBUG [main] - http-outgoing-0 << "X-GitHub-Request-Id: 9C78:36C6:450FC4:4A13B9:5F4C9D6F[\r][\n]"
2020-08-244 13:02:57 1026 DEBUG [main] - http-outgoing-0 << "Accept-Ranges: bytes[\r][\n]"
2020-08-244 13:02:57 1027 DEBUG [main] - http-outgoing-0 << "Date: Mon, 31 Aug 2020 07:32:57 GMT[\r][\n]"
2020-08-244 13:02:57 1028 DEBUG [main] - http-outgoing-0 << "Via: 1.1 varnish[\r][\n]"
2020-08-244 13:02:57 1028 DEBUG [main] - http-outgoing-0 << "X-Served-By: cache-bom4743-BOM[\r][\n]"
2020-08-244 13:02:57 1029 DEBUG [main] - http-outgoing-0 << "X-Cache: HIT, HIT[\r][\n]"
2020-08-244 13:02:57 1030 DEBUG [main] - http-outgoing-0 << "X-Cache-Hits: 1, 2[\r][\n]"
2020-08-244 13:02:57 1030 DEBUG [main] - http-outgoing-0 << "X-Timer: S1598859178.717453,VS0,VE0[\r][\n]"
2020-08-244 13:02:57 1031 DEBUG [main] - http-outgoing-0 << "Vary: Authorization,Accept-Encoding, Accept-Encoding[\r][\n]"
2020-08-244 13:02:57 1032 DEBUG [main] - http-outgoing-0 << "Access-Control-Allow-Origin: *[\r][\n]"
2020-08-244 13:02:57 1034 DEBUG [main] - http-outgoing-0 << "X-Fastly-Request-ID: 6ba6ca78f0ce9d35ed4164aee37f79a235e8a6cf[\r][\n]"
2020-08-244 13:02:57 1035 DEBUG [main] - http-outgoing-0 << "Expires: Mon, 31 Aug 2020 07:37:57 GMT[\r][\n]"
2020-08-244 13:02:57 1036 DEBUG [main] - http-outgoing-0 << "Source-Age: 183[\r][\n]"
2020-08-244 13:02:57 1038 DEBUG [main] - http-outgoing-0 << "[\r][\n]"
2020-08-244 13:02:57 1050 DEBUG [main] - http-outgoing-0 << HTTP/1.1 200 OK
2020-08-244 13:02:57 1051 DEBUG [main] - http-outgoing-0 << Connection: keep-alive
2020-08-244 13:02:57 1053 DEBUG [main] - http-outgoing-0 << Content-Length: 860
2020-08-244 13:02:57 1054 DEBUG [main] - http-outgoing-0 << Content-Type: text/plain; charset=utf-8
2020-08-244 13:02:57 1056 DEBUG [main] - http-outgoing-0 << Cache-Control: max-age=300
2020-08-244 13:02:57 1057 DEBUG [main] - http-outgoing-0 << Content-Security-Policy: default-src 'none'; style-src 'unsafe-inline'; sandbox
2020-08-244 13:02:57 1058 DEBUG [main] - http-outgoing-0 << ETag: W/"73aceb0931461deb99d517c6e2db79b9ceac383560b2cee6c78002b1f84b19b1"
2020-08-244 13:02:57 1058 DEBUG [main] - http-outgoing-0 << Strict-Transport-Security: max-age=31536000
2020-08-244 13:02:57 1059 DEBUG [main] - http-outgoing-0 << X-Content-Type-Options: nosniff
2020-08-244 13:02:57 1060 DEBUG [main] - http-outgoing-0 << X-Frame-Options: deny
2020-08-244 13:02:57 1060 DEBUG [main] - http-outgoing-0 << X-XSS-Protection: 1; mode=block
2020-08-244 13:02:57 1061 DEBUG [main] - http-outgoing-0 << Via: 1.1 varnish (Varnish/6.0)
2020-08-244 13:02:57 1062 DEBUG [main] - http-outgoing-0 << Content-Encoding: gzip
2020-08-244 13:02:57 1063 DEBUG [main] - http-outgoing-0 << X-GitHub-Request-Id: 9C78:36C6:450FC4:4A13B9:5F4C9D6F
2020-08-244 13:02:57 1064 DEBUG [main] - http-outgoing-0 << Accept-Ranges: bytes
2020-08-244 13:02:57 1065 DEBUG [main] - http-outgoing-0 << Date: Mon, 31 Aug 2020 07:32:57 GMT
2020-08-244 13:02:57 1066 DEBUG [main] - http-outgoing-0 << Via: 1.1 varnish
2020-08-244 13:02:57 1067 DEBUG [main] - http-outgoing-0 << X-Served-By: cache-bom4743-BOM
2020-08-244 13:02:57 1068 DEBUG [main] - http-outgoing-0 << X-Cache: HIT, HIT
2020-08-244 13:02:57 1069 DEBUG [main] - http-outgoing-0 << X-Cache-Hits: 1, 2
2020-08-244 13:02:57 1070 DEBUG [main] - http-outgoing-0 << X-Timer: S1598859178.717453,VS0,VE0
2020-08-244 13:02:57 1071 DEBUG [main] - http-outgoing-0 << Vary: Authorization,Accept-Encoding, Accept-Encoding
2020-08-244 13:02:57 1072 DEBUG [main] - http-outgoing-0 << Access-Control-Allow-Origin: *
2020-08-244 13:02:57 1073 DEBUG [main] - http-outgoing-0 << X-Fastly-Request-ID: 6ba6ca78f0ce9d35ed4164aee37f79a235e8a6cf
2020-08-244 13:02:57 1074 DEBUG [main] - http-outgoing-0 << Expires: Mon, 31 Aug 2020 07:37:57 GMT
2020-08-244 13:02:57 1075 DEBUG [main] - http-outgoing-0 << Source-Age: 183
2020-08-244 13:02:57 1087 DEBUG [main] - Connection can be kept alive indefinitely
2020-08-244 13:02:57 1107 DEBUG [main] - http-outgoing-0 << "[0x1f][0x8b][0x8][0x0][0x0][0x0][0x0][0x0][0x0][0x3][0x8d][0x95][0xc9][0x8e][0xe3]6[0x10][0x86][0xef]~[\n]"
2020-08-244 13:02:57 1109 DEBUG [main] - http-outgoing-0 << "[0x2]sn[0x8a][0x9b]H[0xaa][0x1]^fIN[0x83][0x1c][0x92][0x17]P[0xdb]l[h[0xd9]4$[0xf5]x0O[0x9f]bq1[0xdb][0x98][0x0]9[0x18][0xf0][0xff][0xa9]H[0xfe][0x12]k[0xf9]D[0xfe]9M+y[0x9d]fO[0xf6][0xe1][0xb2][0x8d][0xd3]e%[0xdb][0xc9][0x93][0xb7]K[0xb8]][0xc8]a[0x99]~[0xf8][0x85][0xc0]o[0x9d][0x2]<[0xd9][0x87][0xf3]u[0xdc][0xa6][0x17][0x88][0xbe]M[0xdb][0x9]#[0xf7]aY[0xfc]z[\r][0x97][0xc3]t9[0x92][0x97]%[0xdc][0xd6][0xfb][0x92][0xdd][0xee][0x13][0xf9][0x9c][0xd0]3[0xf9]3[0x84]#[0xac][0xfc]rZ[0xc2][0xd9][0x93][0xf1]rH[0xa7][0xf7]3y"_[0xf1][0xa8]g[0xb2][0xc7][0xa7][0xe9]`X[0xfc]wx_[0xf6][0xfe][0x99][0x9c][0xb6][0xed][0xfa][0xdc]u[0xed]S[0x8a][0x2]V[0xd3][0xb0][0x1c][0xbb][0x3][0xf8][0x9d][0xc3]xXw)[0xc6][0xf6][0xce][0xf6][0x94]Q[0xc5][0xad][0xa4]V[0x16][0xaa][0x9c]UH[0x95][0xa1][0x92][0x15]*[0x1d][0x4]E[0xca]$[0x95]C[0xa1][0xdc]Y[0x1e])S[0x8a]ri[0xb]f[0xce]2[0xc0]r[0xb0][0x86]r[0xa6]36[0x83]3[0x3]b[0xd5]SY[0xa9]u[0xc6]"e[0xb0][0x7][0xeb]K[0xb0]q[0xc6]Dlu[0xf][0xfb][0x17][0xaa][0x9d][0xd1]H[0xd9]@[0xb9][0xa8]{[0xf4][0xce][0xc4]7[0x91][0xc6]0[0xca][0xef][0xd1][0xca][0x99][0xf8]*[0xd2][0x88][0x81][0xd6]X[0xe9]L|[0x13][0xa9][0xe1][0x85]t[0xb1]l[0x84][0x13]T[0xd5][0x18][0xfe]A[0xb1][0xa8][0x8a]1=D[0xa5][0xb2]!m[0xa3][0x12]E[0x99][0xa8]xQ:[0xaa]b][0xf7][0xa0][0xea]'[0xd2]**S"eT[0xe5]t[0x1d][0xbd][0xc8]z^[0xf4]"[0xeb]y[0xd1][0x8b][0x94][0x1f][0x92][0xe6]{[0xf8]5[0xcd][0xf3]H[0xfe][0x98][0x16][0xff][0x1a]~6[0x99]r[0xf4][0xfb][0xb7][0xf0][0xdb]DY!S[0x8e][0x90][0x9f][0xef]/[0x14]2[0xb6];[0xa7]-[0xba]fA[0xb7][0xf8][0xd9][0x8f][0xab]_w[0xaf]i_[0xb8]>F[0x5][0xdc]I[0x5]6[0x2][0xb8][0x8e][\n]"
2020-08-244 13:02:57 1110 DEBUG [main] - http-outgoing-0 << "[0xcc]#[0xd0][0x8f][0xa0][0x4][0xea][0x11][0xc8]G [0x1e][0x1][0x4][0xec][0x1][0xc0][0x15]}4[0x6][0xb7][0x4][0x0]2[0xa4]8[0xd5][0xe8][0x14]r[0xa3][0x2]t[0xda][0x2]t[0xda][0x2]t[\n]"
2020-08-244 13:02:57 1111 DEBUG [main] - http-outgoing-0 << "[0x99]S[0x97][0xa0][0xd3][0x16][0xa0]S[0xd1]D[0xa0]S([0x90][0xba][0x4][0x9d]6[0xa0]G[0xa7]-@[0xa7]-@[0xa7]-@[0xa7]P^e[0xd3][0x1e][0x9d]F[0xd0]v[0x92][0xbf][0xae]~[0x19][0x9b]T[0x8]Q[0xff][0x9f]T[0xc0][0xc0]5[0xbc]n[0xb7]q[0xf1][0x1d][0xaa][0xd2]E[0xd2][0xf2]{b[0xe0]C[0x3][0xc5]^[0xfb][0x85][0x1d]v[0x8][0xe1][0x6][0xee][0xed]b0[0x19][0xda][0xb6][p[0x99][0xa9][0xf9][0xd0],X[0xa6]P[0xe8][0xb5]W[0x98][0xb2]+[0x94]ym[0x15][0xb6][0xec][\n]"
2020-08-244 13:02:57 1112 DEBUG [main] - http-outgoing-0 << "E^[0x1b][0x5][0x17]e=T[0xf9][0xbd]QH[0x91]w[0x15]m[0x9f]`%6[0xd7]7:[0x87][0x1b][0xc1]bO"Ww[0x12][0xb9][0xb8][0x93][0xc8][0xb5][0x9d]D.[0xed]$re'[0x91][0xb];[0x89]\[0xd7]I`Y[0xe7]o[0xd0][0xe7][0xaa][0xc6]'*:([0x8e]Ut[0x0]]8=[0x89][0xe]D[0xfe][0x18]*:[0x0][0xd1]^[0xfa][0xf7]i[0xbf][0x84]xw[0xe4][0xdb][0xe1][0xe8][0x9b][0xdb]?[0xaf][0x1e][0xc0]^[0xff][0xc1][0xff][0xf0]s<[0x82][0x9e][0xcb][0xe][0xd8][0x16][0xfc][0xe5][0xe9]}[0xed]*{[0x8a][0x9b]t[[0x8][0xf3][0xda][0xdd][0xfc]KN[0x87]][0xa4]V;[0x1b][0xbf][0xb7][0xe6][0xb1] [0x90][0xe4][0xe9][0xd2]k[0x15][[0x1b][0xa2]<Zz[0xac]+$e[0xac][0xc0][0xbd][0xf6]6![0xe1],[0xd4][0x10][0xdc][0x1]t[0xf8]D[0xca][0x94][0xe1][0x9a][0x1a][0x93]P[0x99]0[0x9a]S[0xce]SX[0x1d]/[0xd5][0x82][0xc9][0xa3]E[0xc4][0x4][0xc1]u&O[0x15]!+[0xc9][0x13]%[0xce][0xc0][0x1c][0x93][0x87][0x9][0x97][0x3][0x94][0x15].S[0xca]][0x17][0xff][0x4][0x93][0x1b][0xe7][0xd9][0x1f][0x12][0x14]NSn8[0xf4]f[0x8c][0xe1][0xae][0xa7]\[0x8b]aH[0x92]9[0x18]g=[0xd3][0x12][0xa5][0xb4]N[0xc2]d[0x92]C[0x92]"f[0xc][0xc];[0x9b]>[0x8c]`[0xe][0xde][0x83][0x9][0x18][0x16][0xff][0x2][0xe8][0x83][0xa4].o[0x8][0x0][0x0]"
2020-08-244 13:02:57 1116 DEBUG [main] - Connection [id: 0][route: {s}->https://raw.githubusercontent.com:443] can be kept alive indefinitely
2020-08-244 13:02:57 1118 DEBUG [main] - http-outgoing-0: set socket timeout to 0
2020-08-244 13:02:57 1120 DEBUG [main] - Connection released: [id: 0][route: {s}->https://raw.githubusercontent.com:443][total kept alive: 1; route allocated: 1 of 2; total allocated: 1 of 20]
2020-08-244 13:03:21 24869 DEBUG [Finalizer] - Connection manager is shutting down
2020-08-244 13:03:21 24871 DEBUG [Finalizer] - http-outgoing-0: Close connection
2020-08-244 13:03:21 24872 DEBUG [Finalizer] - Connection manager shut down
2020-08-244 13:41:26 0 DEBUG [Finalizer] - Connection manager is shutting down
2020-08-244 13:41:26 10 DEBUG [Finalizer] - Connection manager shut down
2020-08-244 13:47:36 0 DEBUG [Finalizer] - Connection manager is shutting down
2020-08-244 13:47:36 8 DEBUG [Finalizer] - Connection manager shut down
2020-08-244 13:50:53 0 DEBUG [Finalizer] - Connection manager is shutting down
2020-08-244 13:50:53 9 DEBUG [Finalizer] - Connection manager shut down
2020-08-244 13:58:45 1 DEBUG [Finalizer] - Connection manager is shutting down
2020-08-244 13:58:45 34 DEBUG [Finalizer] - Connection manager shut down
2020-08-244 15:51:36 1 INFO  [main] - Try to navigate https://ijmeet.com url
2020-08-244 15:51:49 13269 INFO  [main] - Navigate to https://ijmeet.com url
2020-08-244 15:51:49 13287 INFO  [main] - Just before finding element: By.cssSelector: a.nav-link.nav-right-cutom-bg.font-weight-bold on browser: ChromeDriver: chrome on WINDOWS (2fcb03579ac62c274dfba49bf618413f)
2020-08-244 15:51:49 13550 INFO  [main] - Just after finding element: By.cssSelector: a.nav-link.nav-right-cutom-bg.font-weight-bold inside [[ChromeDriver: chrome on WINDOWS (2fcb03579ac62c274dfba49bf618413f)] -> css selector: a.nav-link.nav-right-cutom-bg.font-weight-bold] Web element on browser: ChromeDriver: chrome on WINDOWS (2fcb03579ac62c274dfba49bf618413f)
2020-08-244 15:51:50 13907 INFO  [main] - Trying to click on Sign In a
2020-08-244 15:51:52 15891 INFO  [main] - Just before finding element: By.cssSelector: input#email on browser: ChromeDriver: chrome on WINDOWS (2fcb03579ac62c274dfba49bf618413f)
2020-08-244 15:51:52 15956 INFO  [main] - Just after finding element: By.cssSelector: input#email inside [[ChromeDriver: chrome on WINDOWS (2fcb03579ac62c274dfba49bf618413f)] -> css selector: input#email] Web element on browser: ChromeDriver: chrome on WINDOWS (2fcb03579ac62c274dfba49bf618413f)
2020-08-244 15:51:52 16015 INFO  [main] - Before Change the value of  from [Ljava.lang.CharSequence;@5674e1f2
2020-08-244 15:51:53 16817 INFO  [main] - After Change the value of  as [Ljava.lang.CharSequence;@5674e1f2
2020-08-244 15:51:53 16821 INFO  [main] - Just before finding element: By.cssSelector: input#password on browser: ChromeDriver: chrome on WINDOWS (2fcb03579ac62c274dfba49bf618413f)
2020-08-244 15:51:53 16869 INFO  [main] - Just after finding element: By.cssSelector: input#password inside [[ChromeDriver: chrome on WINDOWS (2fcb03579ac62c274dfba49bf618413f)] -> css selector: input#password] Web element on browser: ChromeDriver: chrome on WINDOWS (2fcb03579ac62c274dfba49bf618413f)
2020-08-244 15:51:53 16933 INFO  [main] - Before Change the value of  from [Ljava.lang.CharSequence;@130dca52
2020-08-244 15:51:53 17268 INFO  [main] - After Change the value of  as [Ljava.lang.CharSequence;@130dca52
2020-08-244 15:51:53 17272 INFO  [main] - Just before finding element: By.cssSelector: button.btn.btn-block.btn-primary.btn-lg.font-weight-medium.auth-form-btn.mirror-view-btn-primary on browser: ChromeDriver: chrome on WINDOWS (2fcb03579ac62c274dfba49bf618413f)
2020-08-244 15:51:53 17342 INFO  [main] - Just after finding element: By.cssSelector: button.btn.btn-block.btn-primary.btn-lg.font-weight-medium.auth-form-btn.mirror-view-btn-primary inside [[ChromeDriver: chrome on WINDOWS (2fcb03579ac62c274dfba49bf618413f)] -> css selector: button.btn.btn-block.btn-primary.btn-lg.font-weight-medium.auth-form-btn.mirror-view-btn-primary] Web element on browser: ChromeDriver: chrome on WINDOWS (2fcb03579ac62c274dfba49bf618413f)
2020-08-244 15:51:53 17408 INFO  [main] - Trying to click on Sign In button
2020-08-244 15:56:45 0 INFO  [main] - Try to navigate https://ijmeet.com url
2020-08-244 15:57:08 22447 INFO  [main] - Navigate to https://ijmeet.com url
2020-08-244 15:57:08 22464 INFO  [main] - Just before finding element: By.cssSelector: a.nav-link.nav-right-cutom-bg.font-weight-bold on browser: ChromeDriver: chrome on WINDOWS (7fce21877b7dce6d01dcd0bfeb984185)
2020-08-244 15:57:08 22564 INFO  [main] - Just after finding element: By.cssSelector: a.nav-link.nav-right-cutom-bg.font-weight-bold inside [[ChromeDriver: chrome on WINDOWS (7fce21877b7dce6d01dcd0bfeb984185)] -> css selector: a.nav-link.nav-right-cutom-bg.font-weight-bold] Web element on browser: ChromeDriver: chrome on WINDOWS (7fce21877b7dce6d01dcd0bfeb984185)
2020-08-244 15:57:08 22765 INFO  [main] - Trying to click on Sign In a
2020-08-244 15:57:09 23807 INFO  [main] - Just before finding element: By.cssSelector: input#email on browser: ChromeDriver: chrome on WINDOWS (7fce21877b7dce6d01dcd0bfeb984185)
2020-08-244 15:57:10 24057 INFO  [main] - Just after finding element: By.cssSelector: input#email inside [[ChromeDriver: chrome on WINDOWS (7fce21877b7dce6d01dcd0bfeb984185)] -> css selector: input#email] Web element on browser: ChromeDriver: chrome on WINDOWS (7fce21877b7dce6d01dcd0bfeb984185)
2020-08-244 15:57:10 24137 INFO  [main] - Before Change the value of  from [Ljava.lang.CharSequence;@2a448449
2020-08-244 15:57:10 24519 INFO  [main] - After Change the value of  as [Ljava.lang.CharSequence;@2a448449
2020-08-244 15:57:10 24521 INFO  [main] - Just before finding element: By.cssSelector: input#password on browser: ChromeDriver: chrome on WINDOWS (7fce21877b7dce6d01dcd0bfeb984185)
2020-08-244 15:57:10 24552 INFO  [main] - Just after finding element: By.cssSelector: input#password inside [[ChromeDriver: chrome on WINDOWS (7fce21877b7dce6d01dcd0bfeb984185)] -> css selector: input#password] Web element on browser: ChromeDriver: chrome on WINDOWS (7fce21877b7dce6d01dcd0bfeb984185)
2020-08-244 15:57:10 24591 INFO  [main] - Before Change the value of  from [Ljava.lang.CharSequence;@737a135b
2020-08-244 15:57:10 24806 INFO  [main] - After Change the value of  as [Ljava.lang.CharSequence;@737a135b
2020-08-244 15:57:10 24808 INFO  [main] - Just before finding element: By.cssSelector: button.btn.btn-block.btn-primary.btn-lg.font-weight-medium.auth-form-btn.mirror-view-btn-primary on browser: ChromeDriver: chrome on WINDOWS (7fce21877b7dce6d01dcd0bfeb984185)
2020-08-244 15:57:10 24845 INFO  [main] - Just after finding element: By.cssSelector: button.btn.btn-block.btn-primary.btn-lg.font-weight-medium.auth-form-btn.mirror-view-btn-primary inside [[ChromeDriver: chrome on WINDOWS (7fce21877b7dce6d01dcd0bfeb984185)] -> css selector: button.btn.btn-block.btn-primary.btn-lg.font-weight-medium.auth-form-btn.mirror-view-btn-primary] Web element on browser: ChromeDriver: chrome on WINDOWS (7fce21877b7dce6d01dcd0bfeb984185)
2020-08-244 15:57:10 24891 INFO  [main] - Trying to click on Sign In button
2020-08-244 16:01:02 0 INFO  [main] - Try to navigate https://ijmeet.com url
2020-08-244 16:01:10 8730 INFO  [main] - Navigate to https://ijmeet.com url
2020-08-244 16:01:10 8750 INFO  [main] - Just before finding element: By.cssSelector: a.nav-link.nav-right-cutom-bg.font-weight-bold on browser: ChromeDriver: chrome on WINDOWS (ec02cb3872d920d4409bfa474a754305)
2020-08-244 16:01:10 8924 INFO  [main] - Just after finding element: By.cssSelector: a.nav-link.nav-right-cutom-bg.font-weight-bold inside [[ChromeDriver: chrome on WINDOWS (ec02cb3872d920d4409bfa474a754305)] -> css selector: a.nav-link.nav-right-cutom-bg.font-weight-bold] Web element on browser: ChromeDriver: chrome on WINDOWS (ec02cb3872d920d4409bfa474a754305)
2020-08-244 16:01:11 9089 INFO  [main] - Trying to click on Sign In a
2020-08-244 16:01:12 10250 INFO  [main] - Just before finding element: By.cssSelector: input#email on browser: ChromeDriver: chrome on WINDOWS (ec02cb3872d920d4409bfa474a754305)
2020-08-244 16:01:12 10287 INFO  [main] - Just after finding element: By.cssSelector: input#email inside [[ChromeDriver: chrome on WINDOWS (ec02cb3872d920d4409bfa474a754305)] -> css selector: input#email] Web element on browser: ChromeDriver: chrome on WINDOWS (ec02cb3872d920d4409bfa474a754305)
2020-08-244 16:01:12 10329 INFO  [main] - Before Change the value of  from [Ljava.lang.CharSequence;@2f40e5db
2020-08-244 16:01:12 10600 INFO  [main] - After Change the value of  as [Ljava.lang.CharSequence;@2f40e5db
2020-08-244 16:01:12 10602 INFO  [main] - Just before finding element: By.cssSelector: input#password on browser: ChromeDriver: chrome on WINDOWS (ec02cb3872d920d4409bfa474a754305)
2020-08-244 16:01:12 10637 INFO  [main] - Just after finding element: By.cssSelector: input#password inside [[ChromeDriver: chrome on WINDOWS (ec02cb3872d920d4409bfa474a754305)] -> css selector: input#password] Web element on browser: ChromeDriver: chrome on WINDOWS (ec02cb3872d920d4409bfa474a754305)
2020-08-244 16:01:12 10676 INFO  [main] - Before Change the value of  from [Ljava.lang.CharSequence;@736caf7a
2020-08-244 16:01:12 10958 INFO  [main] - After Change the value of  as [Ljava.lang.CharSequence;@736caf7a
2020-08-244 16:01:12 10961 INFO  [main] - Just before finding element: By.cssSelector: button.btn.btn-block.btn-primary.btn-lg.font-weight-medium.auth-form-btn.mirror-view-btn-primary on browser: ChromeDriver: chrome on WINDOWS (ec02cb3872d920d4409bfa474a754305)
2020-08-244 16:01:13 11010 INFO  [main] - Just after finding element: By.cssSelector: button.btn.btn-block.btn-primary.btn-lg.font-weight-medium.auth-form-btn.mirror-view-btn-primary inside [[ChromeDriver: chrome on WINDOWS (ec02cb3872d920d4409bfa474a754305)] -> css selector: button.btn.btn-block.btn-primary.btn-lg.font-weight-medium.auth-form-btn.mirror-view-btn-primary] Web element on browser: ChromeDriver: chrome on WINDOWS (ec02cb3872d920d4409bfa474a754305)
2020-08-244 16:01:13 11090 INFO  [main] - Trying to click on Sign In button
2020-08-244 16:04:02 1 INFO  [main] - Try to navigate https://ijmeet.com url
2020-08-244 16:04:17 15917 INFO  [main] - Navigate to https://ijmeet.com url
2020-08-244 16:05:01 0 INFO  [main] - Try to navigate https://ijmeet.com url
2020-08-244 16:05:11 9728 INFO  [main] - Navigate to https://ijmeet.com url
2020-08-244 16:05:11 9747 INFO  [main] - Just before finding element: By.cssSelector: a.nav-link.nav-right-cutom-bg.font-weight-bold on browser: ChromeDriver: chrome on WINDOWS (6a0462bbb017f771731ab6e946ce3c1b)
2020-08-244 16:05:11 9897 INFO  [main] - Just after finding element: By.cssSelector: a.nav-link.nav-right-cutom-bg.font-weight-bold inside [[ChromeDriver: chrome on WINDOWS (6a0462bbb017f771731ab6e946ce3c1b)] -> css selector: a.nav-link.nav-right-cutom-bg.font-weight-bold] Web element on browser: ChromeDriver: chrome on WINDOWS (6a0462bbb017f771731ab6e946ce3c1b)
2020-08-244 16:05:11 10084 INFO  [main] - Trying to click on Sign In a
2020-08-244 16:05:12 10899 INFO  [main] - Just before finding element: By.cssSelector: input#email on browser: ChromeDriver: chrome on WINDOWS (6a0462bbb017f771731ab6e946ce3c1b)
2020-08-244 16:05:12 11095 INFO  [main] - Exception received as no such element: Unable to locate element: {"method":"css selector","selector":"input#email"}
  (Session info: chrome=84.0.4147.135)
For documentation on this error, please visit: https://www.seleniumhq.org/exceptions/no_such_element.html
Build info: version: '3.141.59', revision: 'e82be7d358', time: '2018-11-14T08:17:03'
System info: host: 'PRIYANKA-PC', ip: '192.168.42.180', os.name: 'Windows 7', os.arch: 'amd64', os.version: '6.1', java.version: '1.8.0_231'
Driver info: org.openqa.selenium.chrome.ChromeDriver
Capabilities {acceptInsecureCerts: false, browserName: chrome, browserVersion: 84.0.4147.135, chrome: {chromedriverVersion: 84.0.4147.30 (48b3e868b4cc0..., userDataDir: C:\Users\Priyanka\AppData\L...}, goog:chromeOptions: {debuggerAddress: localhost:49756}, javascriptEnabled: true, networkConnectionEnabled: false, pageLoadStrategy: normal, platform: WINDOWS, platformName: WINDOWS, proxy: Proxy(), setWindowRect: true, strictFileInteractability: false, timeouts: {implicit: 0, pageLoad: 300000, script: 30000}, unhandledPromptBehavior: dismiss and notify, webauthn:virtualAuthenticators: true}
Session ID: 6a0462bbb017f771731ab6e946ce3c1b
*** Element info: {Using=css selector, value=input#email}
2020-08-244 16:08:15 4 INFO  [main] - Try to navigate https://ijmeet.com url
2020-08-244 16:08:30 15512 INFO  [main] - Navigate to https://ijmeet.com url
2020-08-244 16:08:30 15553 INFO  [main] - Just before finding element: By.cssSelector: a.nav-link.nav-right-cutom-bg.font-weight-bold on browser: ChromeDriver: chrome on WINDOWS (e34a240f38d587b195d27236a8abaf79)
2020-08-244 16:08:30 15620 INFO  [main] - Just after finding element: By.cssSelector: a.nav-link.nav-right-cutom-bg.font-weight-bold inside [[ChromeDriver: chrome on WINDOWS (e34a240f38d587b195d27236a8abaf79)] -> css selector: a.nav-link.nav-right-cutom-bg.font-weight-bold] Web element on browser: ChromeDriver: chrome on WINDOWS (e34a240f38d587b195d27236a8abaf79)
2020-08-244 16:08:30 15745 INFO  [main] - Trying to click on Sign In a
2020-08-244 16:08:33 18682 INFO  [main] - Just before finding element: By.cssSelector: input#email on browser: ChromeDriver: chrome on WINDOWS (e34a240f38d587b195d27236a8abaf79)
2020-08-244 16:08:33 18732 INFO  [main] - Just after finding element: By.cssSelector: input#email inside [[ChromeDriver: chrome on WINDOWS (e34a240f38d587b195d27236a8abaf79)] -> css selector: input#email] Web element on browser: ChromeDriver: chrome on WINDOWS (e34a240f38d587b195d27236a8abaf79)
2020-08-244 16:08:34 18813 INFO  [main] - Before Change the value of  from [Ljava.lang.CharSequence;@2f40e5db
2020-08-244 16:08:34 19192 INFO  [main] - After Change the value of  as [Ljava.lang.CharSequence;@2f40e5db
2020-08-244 16:08:34 19194 INFO  [main] - Just before finding element: By.cssSelector: input#password on browser: ChromeDriver: chrome on WINDOWS (e34a240f38d587b195d27236a8abaf79)
2020-08-244 16:08:34 19239 INFO  [main] - Just after finding element: By.cssSelector: input#password inside [[ChromeDriver: chrome on WINDOWS (e34a240f38d587b195d27236a8abaf79)] -> css selector: input#password] Web element on browser: ChromeDriver: chrome on WINDOWS (e34a240f38d587b195d27236a8abaf79)
2020-08-244 16:08:34 19294 INFO  [main] - Before Change the value of  from [Ljava.lang.CharSequence;@736caf7a
2020-08-244 16:08:34 19626 INFO  [main] - After Change the value of  as [Ljava.lang.CharSequence;@736caf7a
2020-08-244 16:08:34 19630 INFO  [main] - Just before finding element: By.cssSelector: button.btn.btn-block.btn-primary.btn-lg.font-weight-medium.auth-form-btn.mirror-view-btn-primary on browser: ChromeDriver: chrome on WINDOWS (e34a240f38d587b195d27236a8abaf79)
2020-08-244 16:08:34 19689 INFO  [main] - Just after finding element: By.cssSelector: button.btn.btn-block.btn-primary.btn-lg.font-weight-medium.auth-form-btn.mirror-view-btn-primary inside [[ChromeDriver: chrome on WINDOWS (e34a240f38d587b195d27236a8abaf79)] -> css selector: button.btn.btn-block.btn-primary.btn-lg.font-weight-medium.auth-form-btn.mirror-view-btn-primary] Web element on browser: ChromeDriver: chrome on WINDOWS (e34a240f38d587b195d27236a8abaf79)
2020-08-244 16:08:34 19760 INFO  [main] - Trying to click on Sign In button
2020-08-244 18:04:16 0 INFO  [main] - Try to navigate https://ijmeet.com/login url
2020-08-244 18:04:26 9369 INFO  [main] - Navigate to https://ijmeet.com/login url
2020-08-244 18:04:26 9407 INFO  [main] - Just before finding element: By.cssSelector: input#email on browser: ChromeDriver: chrome on WINDOWS (c4249371c406d04d3cdbbbdc14bad576)
2020-08-244 18:04:26 9495 INFO  [main] - Just after finding element: By.cssSelector: input#email inside [[ChromeDriver: chrome on WINDOWS (c4249371c406d04d3cdbbbdc14bad576)] -> css selector: input#email] Web element on browser: ChromeDriver: chrome on WINDOWS (c4249371c406d04d3cdbbbdc14bad576)
2020-08-244 18:04:26 9663 INFO  [main] - Before Change the value of  from [Ljava.lang.CharSequence;@253d9f73
2020-08-244 18:04:27 10129 INFO  [main] - After Change the value of  as [Ljava.lang.CharSequence;@253d9f73
2020-08-244 18:04:27 10132 INFO  [main] - Just before finding element: By.cssSelector: input#password on browser: ChromeDriver: chrome on WINDOWS (c4249371c406d04d3cdbbbdc14bad576)
2020-08-244 18:04:27 10183 INFO  [main] - Just after finding element: By.cssSelector: input#password inside [[ChromeDriver: chrome on WINDOWS (c4249371c406d04d3cdbbbdc14bad576)] -> css selector: input#password] Web element on browser: ChromeDriver: chrome on WINDOWS (c4249371c406d04d3cdbbbdc14bad576)
2020-08-244 18:04:27 10242 INFO  [main] - Before Change the value of  from [Ljava.lang.CharSequence;@5f0e9815
2020-08-244 18:04:27 10566 INFO  [main] - After Change the value of  as [Ljava.lang.CharSequence;@5f0e9815
2020-08-244 18:04:27 10579 INFO  [main] - Just before finding element: By.cssSelector: button.btn.btn-block.btn-primary.btn-lg.font-weight-medium.auth-form-btn.mirror-view-btn-primary on browser: ChromeDriver: chrome on WINDOWS (c4249371c406d04d3cdbbbdc14bad576)
2020-08-244 18:04:27 10626 INFO  [main] - Just after finding element: By.cssSelector: button.btn.btn-block.btn-primary.btn-lg.font-weight-medium.auth-form-btn.mirror-view-btn-primary inside [[ChromeDriver: chrome on WINDOWS (c4249371c406d04d3cdbbbdc14bad576)] -> css selector: button.btn.btn-block.btn-primary.btn-lg.font-weight-medium.auth-form-btn.mirror-view-btn-primary] Web element on browser: ChromeDriver: chrome on WINDOWS (c4249371c406d04d3cdbbbdc14bad576)
2020-08-244 18:04:27 10697 INFO  [main] - Trying to click on Sign In button
2020-08-244 18:04:30 13051 INFO  [main] - Just before finding element: By.cssSelector: span.invalid-feedback on browser: ChromeDriver: chrome on WINDOWS (c4249371c406d04d3cdbbbdc14bad576)
2020-08-244 18:04:30 13108 INFO  [main] - Just after finding element: By.cssSelector: span.invalid-feedback inside [[ChromeDriver: chrome on WINDOWS (c4249371c406d04d3cdbbbdc14bad576)] -> css selector: span.invalid-feedback] Web element on browser: ChromeDriver: chrome on WINDOWS (c4249371c406d04d3cdbbbdc14bad576)
2020-08-244 18:04:30 13127 INFO  [main] - Trying to read text from : span
2020-08-244 18:04:30 13216 INFO  [main] - Read text from : These credentials do not match our records. from span
2020-08-244 18:04:35 18683 INFO  [main] - Try to navigate https://ijmeet.com/login url
2020-08-244 18:04:42 25839 INFO  [main] - Navigate to https://ijmeet.com/login url
2020-08-244 18:04:42 25842 INFO  [main] - Just before finding element: By.cssSelector: input#email on browser: ChromeDriver: chrome on WINDOWS (9f38d5c801ff92af498ec41bd855a154)
2020-08-244 18:04:42 25914 INFO  [main] - Just after finding element: By.cssSelector: input#email inside [[ChromeDriver: chrome on WINDOWS (9f38d5c801ff92af498ec41bd855a154)] -> css selector: input#email] Web element on browser: ChromeDriver: chrome on WINDOWS (9f38d5c801ff92af498ec41bd855a154)
2020-08-244 18:04:42 25966 INFO  [main] - Before Change the value of  from [Ljava.lang.CharSequence;@333dd51e
2020-08-244 18:04:43 26359 INFO  [main] - After Change the value of  as [Ljava.lang.CharSequence;@333dd51e
2020-08-244 18:04:43 26361 INFO  [main] - Just before finding element: By.cssSelector: input#password on browser: ChromeDriver: chrome on WINDOWS (9f38d5c801ff92af498ec41bd855a154)
2020-08-244 18:04:43 26400 INFO  [main] - Just after finding element: By.cssSelector: input#password inside [[ChromeDriver: chrome on WINDOWS (9f38d5c801ff92af498ec41bd855a154)] -> css selector: input#password] Web element on browser: ChromeDriver: chrome on WINDOWS (9f38d5c801ff92af498ec41bd855a154)
2020-08-244 18:04:43 26436 INFO  [main] - Before Change the value of  from [Ljava.lang.CharSequence;@20b12f8a
2020-08-244 18:04:43 26659 INFO  [main] - After Change the value of  as [Ljava.lang.CharSequence;@20b12f8a
2020-08-244 18:04:43 26661 INFO  [main] - Just before finding element: By.cssSelector: button.btn.btn-block.btn-primary.btn-lg.font-weight-medium.auth-form-btn.mirror-view-btn-primary on browser: ChromeDriver: chrome on WINDOWS (9f38d5c801ff92af498ec41bd855a154)
2020-08-244 18:04:43 26703 INFO  [main] - Just after finding element: By.cssSelector: button.btn.btn-block.btn-primary.btn-lg.font-weight-medium.auth-form-btn.mirror-view-btn-primary inside [[ChromeDriver: chrome on WINDOWS (9f38d5c801ff92af498ec41bd855a154)] -> css selector: button.btn.btn-block.btn-primary.btn-lg.font-weight-medium.auth-form-btn.mirror-view-btn-primary] Web element on browser: ChromeDriver: chrome on WINDOWS (9f38d5c801ff92af498ec41bd855a154)
2020-08-244 18:04:43 26783 INFO  [main] - Trying to click on Sign In button
2020-08-244 18:04:45 28275 INFO  [main] - Just before finding element: By.cssSelector: span.invalid-feedback on browser: ChromeDriver: chrome on WINDOWS (9f38d5c801ff92af498ec41bd855a154)
2020-08-244 18:04:45 28333 INFO  [main] - Just after finding element: By.cssSelector: span.invalid-feedback inside [[ChromeDriver: chrome on WINDOWS (9f38d5c801ff92af498ec41bd855a154)] -> css selector: span.invalid-feedback] Web element on browser: ChromeDriver: chrome on WINDOWS (9f38d5c801ff92af498ec41bd855a154)
2020-08-244 18:04:45 28373 INFO  [main] - Trying to read text from : span
2020-08-244 18:04:45 28467 INFO  [main] - Read text from : These credentials do not match our records. from span
2020-08-244 18:05:06 49496 INFO  [main] - Try to navigate https://ijmeet.com/login url
2020-08-244 18:05:16 59058 INFO  [main] - Navigate to https://ijmeet.com/login url
2020-08-244 18:05:16 59062 INFO  [main] - Just before finding element: By.cssSelector: input#email on browser: ChromeDriver: chrome on WINDOWS (ed2271f6ac690860ba9cad31dc1ed826)
2020-08-244 18:05:16 59147 INFO  [main] - Just after finding element: By.cssSelector: input#email inside [[ChromeDriver: chrome on WINDOWS (ed2271f6ac690860ba9cad31dc1ed826)] -> css selector: input#email] Web element on browser: ChromeDriver: chrome on WINDOWS (ed2271f6ac690860ba9cad31dc1ed826)
2020-08-244 18:05:16 59200 INFO  [main] - Before Change the value of  from [Ljava.lang.CharSequence;@ea9b7c6
2020-08-244 18:05:16 59582 INFO  [main] - After Change the value of  as [Ljava.lang.CharSequence;@ea9b7c6
2020-08-244 18:05:16 59584 INFO  [main] - Just before finding element: By.cssSelector: input#password on browser: ChromeDriver: chrome on WINDOWS (ed2271f6ac690860ba9cad31dc1ed826)
2020-08-244 18:05:16 59640 INFO  [main] - Just after finding element: By.cssSelector: input#password inside [[ChromeDriver: chrome on WINDOWS (ed2271f6ac690860ba9cad31dc1ed826)] -> css selector: input#password] Web element on browser: ChromeDriver: chrome on WINDOWS (ed2271f6ac690860ba9cad31dc1ed826)
2020-08-244 18:05:16 59695 INFO  [main] - Before Change the value of  from [Ljava.lang.CharSequence;@58ebfd03
2020-08-244 18:05:17 60021 INFO  [main] - After Change the value of  as [Ljava.lang.CharSequence;@58ebfd03
2020-08-244 18:05:17 60023 INFO  [main] - Just before finding element: By.cssSelector: button.btn.btn-block.btn-primary.btn-lg.font-weight-medium.auth-form-btn.mirror-view-btn-primary on browser: ChromeDriver: chrome on WINDOWS (ed2271f6ac690860ba9cad31dc1ed826)
2020-08-244 18:05:17 60066 INFO  [main] - Just after finding element: By.cssSelector: button.btn.btn-block.btn-primary.btn-lg.font-weight-medium.auth-form-btn.mirror-view-btn-primary inside [[ChromeDriver: chrome on WINDOWS (ed2271f6ac690860ba9cad31dc1ed826)] -> css selector: button.btn.btn-block.btn-primary.btn-lg.font-weight-medium.auth-form-btn.mirror-view-btn-primary] Web element on browser: ChromeDriver: chrome on WINDOWS (ed2271f6ac690860ba9cad31dc1ed826)
2020-08-244 18:05:17 60137 INFO  [main] - Trying to click on Sign In button
2020-09-245 15:24:56 0 DEBUG [main] - CookieSpec selected: standard
2020-09-245 15:24:56 122 DEBUG [main] - Auth cache not set in the context
2020-09-245 15:24:56 130 DEBUG [main] - Connection request: [route: {s}->https://raw.githubusercontent.com:443][total kept alive: 0; route allocated: 0 of 2; total allocated: 0 of 20]
2020-09-245 15:24:56 294 DEBUG [main] - Connection leased: [id: 0][route: {s}->https://raw.githubusercontent.com:443][total kept alive: 0; route allocated: 1 of 2; total allocated: 1 of 20]
2020-09-245 15:24:56 301 DEBUG [main] - Opening connection {s}->https://raw.githubusercontent.com:443
2020-09-245 15:24:57 484 DEBUG [main] - Connecting to raw.githubusercontent.com/151.101.152.133:443
2020-09-245 15:24:57 486 DEBUG [main] - Connecting socket to raw.githubusercontent.com/151.101.152.133:443 with timeout 0
2020-09-245 15:24:58 1900 DEBUG [main] - Enabled protocols: [TLSv1, TLSv1.1, TLSv1.2]
2020-09-245 15:24:58 1902 DEBUG [main] - Enabled cipher suites:[TLS_ECDHE_ECDSA_WITH_AES_256_CBC_SHA384, TLS_ECDHE_RSA_WITH_AES_256_CBC_SHA384, TLS_RSA_WITH_AES_256_CBC_SHA256, TLS_ECDH_ECDSA_WITH_AES_256_CBC_SHA384, TLS_ECDH_RSA_WITH_AES_256_CBC_SHA384, TLS_DHE_RSA_WITH_AES_256_CBC_SHA256, TLS_DHE_DSS_WITH_AES_256_CBC_SHA256, TLS_ECDHE_ECDSA_WITH_AES_256_CBC_SHA, TLS_ECDHE_RSA_WITH_AES_256_CBC_SHA, TLS_RSA_WITH_AES_256_CBC_SHA, TLS_ECDH_ECDSA_WITH_AES_256_CBC_SHA, TLS_ECDH_RSA_WITH_AES_256_CBC_SHA, TLS_DHE_RSA_WITH_AES_256_CBC_SHA, TLS_DHE_DSS_WITH_AES_256_CBC_SHA, TLS_ECDHE_ECDSA_WITH_AES_128_CBC_SHA256, TLS_ECDHE_RSA_WITH_AES_128_CBC_SHA256, TLS_RSA_WITH_AES_128_CBC_SHA256, TLS_ECDH_ECDSA_WITH_AES_128_CBC_SHA256, TLS_ECDH_RSA_WITH_AES_128_CBC_SHA256, TLS_DHE_RSA_WITH_AES_128_CBC_SHA256, TLS_DHE_DSS_WITH_AES_128_CBC_SHA256, TLS_ECDHE_ECDSA_WITH_AES_128_CBC_SHA, TLS_ECDHE_RSA_WITH_AES_128_CBC_SHA, TLS_RSA_WITH_AES_128_CBC_SHA, TLS_ECDH_ECDSA_WITH_AES_128_CBC_SHA, TLS_ECDH_RSA_WITH_AES_128_CBC_SHA, TLS_DHE_RSA_WITH_AES_128_CBC_SHA, TLS_DHE_DSS_WITH_AES_128_CBC_SHA, TLS_ECDHE_ECDSA_WITH_AES_256_GCM_SHA384, TLS_ECDHE_ECDSA_WITH_AES_128_GCM_SHA256, TLS_ECDHE_RSA_WITH_AES_256_GCM_SHA384, TLS_RSA_WITH_AES_256_GCM_SHA384, TLS_ECDH_ECDSA_WITH_AES_256_GCM_SHA384, TLS_ECDH_RSA_WITH_AES_256_GCM_SHA384, TLS_DHE_RSA_WITH_AES_256_GCM_SHA384, TLS_DHE_DSS_WITH_AES_256_GCM_SHA384, TLS_ECDHE_RSA_WITH_AES_128_GCM_SHA256, TLS_RSA_WITH_AES_128_GCM_SHA256, TLS_ECDH_ECDSA_WITH_AES_128_GCM_SHA256, TLS_ECDH_RSA_WITH_AES_128_GCM_SHA256, TLS_DHE_RSA_WITH_AES_128_GCM_SHA256, TLS_DHE_DSS_WITH_AES_128_GCM_SHA256, TLS_EMPTY_RENEGOTIATION_INFO_SCSV]
2020-09-245 15:24:58 1904 DEBUG [main] - Starting handshake
2020-09-245 15:24:59 2636 DEBUG [main] - Secure session established
2020-09-245 15:24:59 2637 DEBUG [main] -  negotiated protocol: TLSv1.2
2020-09-245 15:24:59 2638 DEBUG [main] -  negotiated cipher suite: TLS_ECDHE_RSA_WITH_AES_128_GCM_SHA256
2020-09-245 15:24:59 2639 DEBUG [main] -  peer principal: CN=www.github.com, O="GitHub, Inc.", L=San Francisco, ST=California, C=US
2020-09-245 15:24:59 2641 DEBUG [main] -  peer alternative names: [www.github.com, *.github.com, github.com, *.github.io, github.io, *.githubusercontent.com, githubusercontent.com]
2020-09-245 15:24:59 2642 DEBUG [main] -  issuer principal: CN=DigiCert SHA2 High Assurance Server CA, OU=www.digicert.com, O=DigiCert Inc, C=US
2020-09-245 15:24:59 2669 DEBUG [main] - Connection established 192.168.42.180:63391<->151.101.152.133:443
2020-09-245 15:24:59 2670 DEBUG [main] - http-outgoing-0: set socket timeout to 30000
2020-09-245 15:24:59 2672 DEBUG [main] - Executing request GET /bonigarcia/webdrivermanager/master/src/main/resources/versions.properties HTTP/1.1
2020-09-245 15:24:59 2673 DEBUG [main] - Target auth state: UNCHALLENGED
2020-09-245 15:24:59 2675 DEBUG [main] - Proxy auth state: UNCHALLENGED
2020-09-245 15:24:59 2681 DEBUG [main] - http-outgoing-0 >> GET /bonigarcia/webdrivermanager/master/src/main/resources/versions.properties HTTP/1.1
2020-09-245 15:24:59 2682 DEBUG [main] - http-outgoing-0 >> User-Agent: Apache-HttpClient/4.5.6
2020-09-245 15:24:59 2683 DEBUG [main] - http-outgoing-0 >> Connection: keep-alive
2020-09-245 15:24:59 2685 DEBUG [main] - http-outgoing-0 >> Host: raw.githubusercontent.com
2020-09-245 15:24:59 2686 DEBUG [main] - http-outgoing-0 >> Accept-Encoding: gzip,deflate
2020-09-245 15:24:59 2688 DEBUG [main] - http-outgoing-0 >> "GET /bonigarcia/webdrivermanager/master/src/main/resources/versions.properties HTTP/1.1[\r][\n]"
2020-09-245 15:24:59 2689 DEBUG [main] - http-outgoing-0 >> "User-Agent: Apache-HttpClient/4.5.6[\r][\n]"
2020-09-245 15:24:59 2690 DEBUG [main] - http-outgoing-0 >> "Connection: keep-alive[\r][\n]"
2020-09-245 15:24:59 2691 DEBUG [main] - http-outgoing-0 >> "Host: raw.githubusercontent.com[\r][\n]"
2020-09-245 15:24:59 2692 DEBUG [main] - http-outgoing-0 >> "Accept-Encoding: gzip,deflate[\r][\n]"
2020-09-245 15:24:59 2693 DEBUG [main] - http-outgoing-0 >> "[\r][\n]"
2020-09-245 15:24:59 2781 DEBUG [main] - http-outgoing-0 << "HTTP/1.1 200 OK[\r][\n]"
2020-09-245 15:24:59 2782 DEBUG [main] - http-outgoing-0 << "Connection: keep-alive[\r][\n]"
2020-09-245 15:24:59 2784 DEBUG [main] - http-outgoing-0 << "Content-Length: 862[\r][\n]"
2020-09-245 15:24:59 2784 DEBUG [main] - http-outgoing-0 << "Content-Type: text/plain; charset=utf-8[\r][\n]"
2020-09-245 15:24:59 2785 DEBUG [main] - http-outgoing-0 << "Cache-Control: max-age=300[\r][\n]"
2020-09-245 15:24:59 2787 DEBUG [main] - http-outgoing-0 << "Content-Security-Policy: default-src 'none'; style-src 'unsafe-inline'; sandbox[\r][\n]"
2020-09-245 15:24:59 2788 DEBUG [main] - http-outgoing-0 << "ETag: W/"756ce598779d3d35066a09151793bbc9a4ca7496985675a1849a629027fda791"[\r][\n]"
2020-09-245 15:24:59 2789 DEBUG [main] - http-outgoing-0 << "Strict-Transport-Security: max-age=31536000[\r][\n]"
2020-09-245 15:24:59 2790 DEBUG [main] - http-outgoing-0 << "X-Content-Type-Options: nosniff[\r][\n]"
2020-09-245 15:24:59 2791 DEBUG [main] - http-outgoing-0 << "X-Frame-Options: deny[\r][\n]"
2020-09-245 15:24:59 2792 DEBUG [main] - http-outgoing-0 << "X-XSS-Protection: 1; mode=block[\r][\n]"
2020-09-245 15:24:59 2794 DEBUG [main] - http-outgoing-0 << "Via: 1.1 varnish (Varnish/6.0)[\r][\n]"
2020-09-245 15:24:59 2795 DEBUG [main] - http-outgoing-0 << "Content-Encoding: gzip[\r][\n]"
2020-09-245 15:24:59 2796 DEBUG [main] - http-outgoing-0 << "X-GitHub-Request-Id: D412:121F:10FFD8:139C9B:5F4E08CA[\r][\n]"
2020-09-245 15:24:59 2797 DEBUG [main] - http-outgoing-0 << "Accept-Ranges: bytes[\r][\n]"
2020-09-245 15:24:59 2798 DEBUG [main] - http-outgoing-0 << "Date: Tue, 01 Sep 2020 09:54:15 GMT[\r][\n]"
2020-09-245 15:24:59 2800 DEBUG [main] - http-outgoing-0 << "Via: 1.1 varnish[\r][\n]"
2020-09-245 15:24:59 2801 DEBUG [main] - http-outgoing-0 << "X-Served-By: cache-bom4736-BOM[\r][\n]"
2020-09-245 15:24:59 2802 DEBUG [main] - http-outgoing-0 << "X-Cache: HIT, HIT[\r][\n]"
2020-09-245 15:24:59 2802 DEBUG [main] - http-outgoing-0 << "X-Cache-Hits: 7, 1[\r][\n]"
2020-09-245 15:24:59 2803 DEBUG [main] - http-outgoing-0 << "X-Timer: S1598954055.499053,VS0,VE0[\r][\n]"
2020-09-245 15:24:59 2804 DEBUG [main] - http-outgoing-0 << "Vary: Authorization,Accept-Encoding, Accept-Encoding[\r][\n]"
2020-09-245 15:24:59 2805 DEBUG [main] - http-outgoing-0 << "Access-Control-Allow-Origin: *[\r][\n]"
2020-09-245 15:24:59 2806 DEBUG [main] - http-outgoing-0 << "X-Fastly-Request-ID: b4ab6b88c725ea9a0c7df084a9522c2499d5c0e4[\r][\n]"
2020-09-245 15:24:59 2807 DEBUG [main] - http-outgoing-0 << "Expires: Tue, 01 Sep 2020 09:59:15 GMT[\r][\n]"
2020-09-245 15:24:59 2808 DEBUG [main] - http-outgoing-0 << "Source-Age: 233[\r][\n]"
2020-09-245 15:24:59 2808 DEBUG [main] - http-outgoing-0 << "[\r][\n]"
2020-09-245 15:24:59 2817 DEBUG [main] - http-outgoing-0 << HTTP/1.1 200 OK
2020-09-245 15:24:59 2819 DEBUG [main] - http-outgoing-0 << Connection: keep-alive
2020-09-245 15:24:59 2821 DEBUG [main] - http-outgoing-0 << Content-Length: 862
2020-09-245 15:24:59 2822 DEBUG [main] - http-outgoing-0 << Content-Type: text/plain; charset=utf-8
2020-09-245 15:24:59 2823 DEBUG [main] - http-outgoing-0 << Cache-Control: max-age=300
2020-09-245 15:24:59 2824 DEBUG [main] - http-outgoing-0 << Content-Security-Policy: default-src 'none'; style-src 'unsafe-inline'; sandbox
2020-09-245 15:24:59 2825 DEBUG [main] - http-outgoing-0 << ETag: W/"756ce598779d3d35066a09151793bbc9a4ca7496985675a1849a629027fda791"
2020-09-245 15:24:59 2826 DEBUG [main] - http-outgoing-0 << Strict-Transport-Security: max-age=31536000
2020-09-245 15:24:59 2826 DEBUG [main] - http-outgoing-0 << X-Content-Type-Options: nosniff
2020-09-245 15:24:59 2828 DEBUG [main] - http-outgoing-0 << X-Frame-Options: deny
2020-09-245 15:24:59 2829 DEBUG [main] - http-outgoing-0 << X-XSS-Protection: 1; mode=block
2020-09-245 15:24:59 2830 DEBUG [main] - http-outgoing-0 << Via: 1.1 varnish (Varnish/6.0)
2020-09-245 15:24:59 2831 DEBUG [main] - http-outgoing-0 << Content-Encoding: gzip
2020-09-245 15:24:59 2832 DEBUG [main] - http-outgoing-0 << X-GitHub-Request-Id: D412:121F:10FFD8:139C9B:5F4E08CA
2020-09-245 15:24:59 2833 DEBUG [main] - http-outgoing-0 << Accept-Ranges: bytes
2020-09-245 15:24:59 2834 DEBUG [main] - http-outgoing-0 << Date: Tue, 01 Sep 2020 09:54:15 GMT
2020-09-245 15:24:59 2835 DEBUG [main] - http-outgoing-0 << Via: 1.1 varnish
2020-09-245 15:24:59 2837 DEBUG [main] - http-outgoing-0 << X-Served-By: cache-bom4736-BOM
2020-09-245 15:24:59 2838 DEBUG [main] - http-outgoing-0 << X-Cache: HIT, HIT
2020-09-245 15:24:59 2839 DEBUG [main] - http-outgoing-0 << X-Cache-Hits: 7, 1
2020-09-245 15:24:59 2840 DEBUG [main] - http-outgoing-0 << X-Timer: S1598954055.499053,VS0,VE0
2020-09-245 15:24:59 2841 DEBUG [main] - http-outgoing-0 << Vary: Authorization,Accept-Encoding, Accept-Encoding
2020-09-245 15:24:59 2842 DEBUG [main] - http-outgoing-0 << Access-Control-Allow-Origin: *
2020-09-245 15:24:59 2843 DEBUG [main] - http-outgoing-0 << X-Fastly-Request-ID: b4ab6b88c725ea9a0c7df084a9522c2499d5c0e4
2020-09-245 15:24:59 2845 DEBUG [main] - http-outgoing-0 << Expires: Tue, 01 Sep 2020 09:59:15 GMT
2020-09-245 15:24:59 2845 DEBUG [main] - http-outgoing-0 << Source-Age: 233
2020-09-245 15:24:59 2859 DEBUG [main] - Connection can be kept alive indefinitely
2020-09-245 15:24:59 2881 DEBUG [main] - http-outgoing-0 << "[0x1f][0x8b][0x8][0x0][0x0][0x0][0x0][0x0][0x0][0x3][0x8d][0x95][0xc9][0x8e][0xe3]6[0x10][0x86][0xef]~[\n]"
2020-09-245 15:24:59 2884 DEBUG [main] - http-outgoing-0 << "[0x2]sn[0x8a][0x9b]H[0xaa][0x1]^fIN[0x83][0x1c][0x92][0x17]P[0xdb]l[h[0xd9]4$[0xf5]x0O[0x9f]bq1[0xdb][0x98][0x0]9[0x18][0xf0][0xff][0xa9]H[0xfe][0x12]k[0xf9]D[0xfe]9M+y[0x9d]fO[0xf6][0xe1][0xb2][0x8d][0xd3]e%[0xdb][0xc9][0x93][0xb7]K[0xb8]][0xc8]a[0x99]~[0xf8][0x85][0xc0]o[0x9d][0x2]<[0xd9][0x87][0xf3]u[0xdc][0xa6][0x17][0x88][0xbe]M[0xdb][0x9]#[0xf7]aY[0xfc]z[\r][0x97][0xc3]t9[0x92][0x97]%[0xdc][0xd6][0xfb][0x92][0xdd][0xee][0x13][0xf9][0x9c][0xd0]3[0xf9]3[0x84]#[0xac][0xfc]rZ[0xc2][0xd9][0x93][0xf1]rH[0xa7][0xf7]3y"_[0xf1][0xa8]g[0xb2][0xc7][0xa7][0xe9]`X[0xfc]wx_[0xf6][0xfe][0x99][0x9c][0xb6][0xed][0xfa][0xdc]u[0xed]S[0x8a][0x2]V[0xd3][0xb0][0x1c][0xbb][0x3][0xf8][0x9d][0xc3]xXw)[0xc6][0xf6][0xce][0xf6][0x94]Q[0xc5][0xad][0xa4][0xd6][0x14][0xaa][0x9c]UH[0x95][0xa1][0x92][0x15]*[0x1d][0x4]E[0xca]$[0x95]C[0xa1][0xdc]Y[0x1e])S[0x8a]ri[0xb]f[0xce]2[0xc0]r[0xb0][0x86]r[0xa6]36[0x83]3[0x3]b[0xd5]SY[0xa9]u[0xc6]"e[0xb0][0x7][0xeb]K[0xb0]q[0xc6]Dlu[0xf][0xfb][0x17][0xaa][0x9d][0xd1]H[0xd9]@[0xb9][0xa8]{[0xf4][0xce][0xc4]7[0x91][0xc6]0[0xca][0xef][0xd1][0xca][0x99][0xf8]*[0xd2][0x88][0x81][0xd6]X[0xe9]L|[0x13][0xa9][0xe1][0x85]t[0xb1]l[0x84][0x13]T[0xd5][0x18][0xfe]A[0xb1][0xa8][0x8a]1=D[0xa5][0xb2]!m[0xa3][0x12]E[0x99][0xa8]xQ:[0xaa]b][0xf7][0xa0][0xea]'[0xd2]*[0xaa][0xf2][0xcd][0xb5][0x8c][0xaa][0x9c][0xae][0xa3][0x17]Y[0xcf][0x8b]^d=/z[0x91][0xf2]C[0xd2]|[0xf][0xbf][0xa6]y[0x1e][0xc9][0x1f][0xd3][0xe2]_[0xc3][0xcf]&S[0x8e]~[0xff][0x16]~[0x9b](+d[0xca][0x11][0xf2][0xf3][0xfd][0x85]B[0xc6]v[0xe7][0xb4]E[0xd7],[0xe8][0x16]?[0xfb]q[0xf5][0xeb][0xee]5[0xed][0xb][0xd7][0xc7][0xa8][0x80];[0xa9][0xc0]F[0x0][0xd7]Q[0x81]y[0x4][0xfa][0x11][0xf4][0x8f]@=[0x2][0xf9][0x8][0xc4]#[0xe0][0x8f][0x80]=[0x0][0xb8][0xa2][0x8f][0xc6][0xe0][0x96][0x0]@[0x86][0x14][0xa7][0x1a][0x9d]BnT[0x80]N[[0x80]N[[0x80]N!s[0xea][0x12]t[0xda][0x2]t*[0x9a][0x8]t[\n]"
2020-09-245 15:24:59 2885 DEBUG [main] - http-outgoing-0 << "[0x5]R[0x97][0xa0][0xd3][0x6][0xf4][0xe8][0xb4][0x5][0xe8][0xb4][0x5][0xe8][0xb4][0x5][0xe8][0x14][0xca][0xab]l[0xda][0xa3][0xd3][0x8][0xda]N[0xf2][0xd7][0xd5]/c[0x93][\n]"
2020-09-245 15:24:59 2886 DEBUG [main] - http-outgoing-0 << "![0xea][0xff][0x93][\n]"
2020-09-245 15:24:59 2887 DEBUG [main] - http-outgoing-0 << "[0x18][0xb8][0x86][0xd7][0xed]6.[0xbe]CU[0xba]HZ~O[0xc]|h[0xa0][0xd8]k[0xbf][0xb0][0xc3][0xe]![0xdc][0xc0][0xbd]][0xc]&C[0xdb]v[0xb].35[0x1f][0x9a][0x5][0xcb][0x14][\n]"
2020-09-245 15:24:59 2888 DEBUG [main] - http-outgoing-0 << "[0xbd][0xf6][\n]"
2020-09-245 15:24:59 2888 DEBUG [main] - http-outgoing-0 << "Sv[0x85]2[0xaf][0xad][0x2][0x1a]V:[\n]"
2020-09-245 15:24:59 2889 DEBUG [main] - http-outgoing-0 << "[0x8a][0xbc]6[\n]"
2020-09-245 15:24:59 2890 DEBUG [main] - http-outgoing-0 << ".[0xca]z[0xa8][0xf2]{[0xa3][0x90]"[0xc7][0x8a][0xb6]O[0xb0][0x12][0x9b][0xeb][0x1b][0xb7][0x83][0x1b][0xc1]bO"Ww[0x12][0xb9][0xb8][0x93][0xc8][0xb5][0x9d]D.[0xed]$re'[0x91][0xb];[0x89]\[0xd7]I`Y[0xe7]o[0xd0][0xe7][0xaa][0xc6]'*:([0x8e]Ut[0x0]]8=[0x89][0xe]D[0xfe][0x18]*:[0x0][0xd1]^[0xfa][0xf7]i[0xbf][0x84]xw[0xe4][0xdb][0xe1][0xe8][0x9b][0xdb]?[0xaf][0x1e][0xc0]^[0xff][0xc1][0xff][0xf0]s<[0x82][0x9e][0xcb][0xe][0xd8][0x16][0xfc][0xe5][0xe9]}[0xed]*{[0x8a][0x9b]t[[0x8][0xf3][0xda][0xdd][0xfc]KN[0x87]][0xa4]V;[0x1b][0xbf][0xb7][0xe6][0xb1] [0x90][0xe4][0xe9][0xd2]k[0x15][[0x1b][0xa2]<Zz[0xac]+$e[0xac][0xc0][0xbd][0xf6]6![0xe1],[0xd4][0x10][0xdc][0x1]t[0xf8]D[0xca][0x94][0xe1][0x9a][0x1a][0x93]P[0x99]0[0x9a]S[0xce]SX[0x1d]/[0xd5][0x82][0xc9][0xa3]E[0xc4][0x4][0xc1]u&O[0x15]!+[0xc9][0x13]%[0xce][0xc0][0x1c][0x93][0x87][0x9][0x97][0x3][0x94][0x15].S[0xca]][0x17][0xff][0x4][0x93][0x1b][0xe7][0xd9][0x1f][0x12][0x14]NSn8[0xf4]f[0x8c][0xe1][0xae][0xa7]\[0x8b]aH[0x92]9[0x18]g=[0xd3][0x12][0xa5][0xb4]N[0xc2]d[0x92]C[0x92]"f[0xc][0xc];[0x9b]>[0x8c]`[0xe][0xde][0x83][0x9][0x18][0x16][0xff][0x2].[0xd0]{[0xf1]o[0x8][0x0][0x0]"
2020-09-245 15:24:59 2907 DEBUG [main] - Connection [id: 0][route: {s}->https://raw.githubusercontent.com:443] can be kept alive indefinitely
2020-09-245 15:24:59 2908 DEBUG [main] - http-outgoing-0: set socket timeout to 0
2020-09-245 15:24:59 2910 DEBUG [main] - Connection released: [id: 0][route: {s}->https://raw.githubusercontent.com:443][total kept alive: 1; route allocated: 1 of 2; total allocated: 1 of 20]
2020-09-245 15:25:12 15793 INFO  [main] - Try to navigate https://ijmeet.com/login url
2020-09-245 15:25:47 51043 INFO  [main] - Navigate to https://ijmeet.com/login url
2020-09-245 15:25:47 51085 INFO  [main] - Just before finding element: By.cssSelector: a.nav-link.nav-right-cutom-bg.font-weight-bold on browser: ChromeDriver: chrome on WINDOWS (eb95ebd1da42b7372f6257e5c83b5292)
2020-09-245 15:25:47 51264 INFO  [main] - Just after finding element: By.cssSelector: a.nav-link.nav-right-cutom-bg.font-weight-bold inside [[ChromeDriver: chrome on WINDOWS (eb95ebd1da42b7372f6257e5c83b5292)] -> css selector: a.nav-link.nav-right-cutom-bg.font-weight-bold] Web element on browser: ChromeDriver: chrome on WINDOWS (eb95ebd1da42b7372f6257e5c83b5292)
2020-09-245 15:25:48 51500 INFO  [main] - Trying to click on Sign In a
2020-09-245 15:25:49 53118 INFO  [main] - Just before finding element: By.cssSelector: input#email on browser: ChromeDriver: chrome on WINDOWS (eb95ebd1da42b7372f6257e5c83b5292)
2020-09-245 15:25:49 53191 INFO  [main] - Just after finding element: By.cssSelector: input#email inside [[ChromeDriver: chrome on WINDOWS (eb95ebd1da42b7372f6257e5c83b5292)] -> css selector: input#email] Web element on browser: ChromeDriver: chrome on WINDOWS (eb95ebd1da42b7372f6257e5c83b5292)
2020-09-245 15:25:49 53306 INFO  [main] - Before Change the value of  from [Ljava.lang.CharSequence;@5b444398
2020-09-245 15:25:50 53784 INFO  [main] - After Change the value of  as [Ljava.lang.CharSequence;@5b444398
2020-09-245 15:25:50 53787 INFO  [main] - Just before finding element: By.cssSelector: input#password on browser: ChromeDriver: chrome on WINDOWS (eb95ebd1da42b7372f6257e5c83b5292)
2020-09-245 15:25:50 53835 INFO  [main] - Just after finding element: By.cssSelector: input#password inside [[ChromeDriver: chrome on WINDOWS (eb95ebd1da42b7372f6257e5c83b5292)] -> css selector: input#password] Web element on browser: ChromeDriver: chrome on WINDOWS (eb95ebd1da42b7372f6257e5c83b5292)
2020-09-245 15:25:50 53889 INFO  [main] - Before Change the value of  from [Ljava.lang.CharSequence;@3fffff43
2020-09-245 15:25:50 54190 INFO  [main] - After Change the value of  as [Ljava.lang.CharSequence;@3fffff43
2020-09-245 15:25:50 54193 INFO  [main] - Just before finding element: By.cssSelector: button.btn.btn-block.btn-primary.btn-lg.font-weight-medium.auth-form-btn.mirror-view-btn-primary on browser: ChromeDriver: chrome on WINDOWS (eb95ebd1da42b7372f6257e5c83b5292)
2020-09-245 15:25:50 54235 INFO  [main] - Just after finding element: By.cssSelector: button.btn.btn-block.btn-primary.btn-lg.font-weight-medium.auth-form-btn.mirror-view-btn-primary inside [[ChromeDriver: chrome on WINDOWS (eb95ebd1da42b7372f6257e5c83b5292)] -> css selector: button.btn.btn-block.btn-primary.btn-lg.font-weight-medium.auth-form-btn.mirror-view-btn-primary] Web element on browser: ChromeDriver: chrome on WINDOWS (eb95ebd1da42b7372f6257e5c83b5292)
2020-09-245 15:25:50 54305 INFO  [main] - Trying to click on Sign In button
2020-09-245 15:28:33 0 INFO  [main] - Try to navigate https://ijmeet.com/login url
2020-09-245 15:29:04 30510 INFO  [main] - Navigate to https://ijmeet.com/login url
2020-09-245 15:29:04 30534 INFO  [main] - Just before finding element: By.cssSelector: a.nav-link.nav-right-cutom-bg.font-weight-bold on browser: ChromeDriver: chrome on WINDOWS (59c83d9b7868c47b3462ff758a3a7133)
2020-09-245 15:29:04 30620 INFO  [main] - Just after finding element: By.cssSelector: a.nav-link.nav-right-cutom-bg.font-weight-bold inside [[ChromeDriver: chrome on WINDOWS (59c83d9b7868c47b3462ff758a3a7133)] -> css selector: a.nav-link.nav-right-cutom-bg.font-weight-bold] Web element on browser: ChromeDriver: chrome on WINDOWS (59c83d9b7868c47b3462ff758a3a7133)
2020-09-245 15:29:04 30723 INFO  [main] - Trying to click on Sign In a
2020-09-245 15:29:06 32467 INFO  [main] - Just before finding element: By.cssSelector: input#email on browser: ChromeDriver: chrome on WINDOWS (59c83d9b7868c47b3462ff758a3a7133)
2020-09-245 15:29:06 32542 INFO  [main] - Just after finding element: By.cssSelector: input#email inside [[ChromeDriver: chrome on WINDOWS (59c83d9b7868c47b3462ff758a3a7133)] -> css selector: input#email] Web element on browser: ChromeDriver: chrome on WINDOWS (59c83d9b7868c47b3462ff758a3a7133)
2020-09-245 15:29:06 32641 INFO  [main] - Before Change the value of  from [Ljava.lang.CharSequence;@43f82e78
2020-09-245 15:29:06 33020 INFO  [main] - After Change the value of  as [Ljava.lang.CharSequence;@43f82e78
2020-09-245 15:29:06 33022 INFO  [main] - Just before finding element: By.cssSelector: input#password on browser: ChromeDriver: chrome on WINDOWS (59c83d9b7868c47b3462ff758a3a7133)
2020-09-245 15:29:07 33068 INFO  [main] - Just after finding element: By.cssSelector: input#password inside [[ChromeDriver: chrome on WINDOWS (59c83d9b7868c47b3462ff758a3a7133)] -> css selector: input#password] Web element on browser: ChromeDriver: chrome on WINDOWS (59c83d9b7868c47b3462ff758a3a7133)
2020-09-245 15:29:07 33119 INFO  [main] - Before Change the value of  from [Ljava.lang.CharSequence;@15dcfae7
2020-09-245 15:29:07 33361 INFO  [main] - After Change the value of  as [Ljava.lang.CharSequence;@15dcfae7
2020-09-245 15:29:07 33364 INFO  [main] - Just before finding element: By.cssSelector: button.btn.btn-block.btn-primary.btn-lg.font-weight-medium.auth-form-btn.mirror-view-btn-primary on browser: ChromeDriver: chrome on WINDOWS (59c83d9b7868c47b3462ff758a3a7133)
2020-09-245 15:29:07 33413 INFO  [main] - Just after finding element: By.cssSelector: button.btn.btn-block.btn-primary.btn-lg.font-weight-medium.auth-form-btn.mirror-view-btn-primary inside [[ChromeDriver: chrome on WINDOWS (59c83d9b7868c47b3462ff758a3a7133)] -> css selector: button.btn.btn-block.btn-primary.btn-lg.font-weight-medium.auth-form-btn.mirror-view-btn-primary] Web element on browser: ChromeDriver: chrome on WINDOWS (59c83d9b7868c47b3462ff758a3a7133)
2020-09-245 15:29:07 33473 INFO  [main] - Trying to click on Sign In button
2020-09-245 15:35:49 0 INFO  [main] - Try to navigate https://ijmeet.com/login url
2020-09-245 15:36:08 19392 INFO  [main] - Navigate to https://ijmeet.com/login url
2020-09-245 15:36:08 19416 INFO  [main] - Just before finding element: By.cssSelector: a.nav-link.nav-right-cutom-bg.font-weight-bold on browser: ChromeDriver: chrome on WINDOWS (c401f01725e1dcb2be52e59eeabf7d05)
2020-09-245 15:36:08 19470 INFO  [main] - Just after finding element: By.cssSelector: a.nav-link.nav-right-cutom-bg.font-weight-bold inside [[ChromeDriver: chrome on WINDOWS (c401f01725e1dcb2be52e59eeabf7d05)] -> css selector: a.nav-link.nav-right-cutom-bg.font-weight-bold] Web element on browser: ChromeDriver: chrome on WINDOWS (c401f01725e1dcb2be52e59eeabf7d05)
2020-09-245 15:36:08 19589 INFO  [main] - Trying to click on Sign In a
2020-09-245 15:36:10 20795 INFO  [main] - Just before finding element: By.cssSelector: input#email on browser: ChromeDriver: chrome on WINDOWS (c401f01725e1dcb2be52e59eeabf7d05)
2020-09-245 15:36:10 20840 INFO  [main] - Just after finding element: By.cssSelector: input#email inside [[ChromeDriver: chrome on WINDOWS (c401f01725e1dcb2be52e59eeabf7d05)] -> css selector: input#email] Web element on browser: ChromeDriver: chrome on WINDOWS (c401f01725e1dcb2be52e59eeabf7d05)
2020-09-245 15:36:10 20893 INFO  [main] - Before Change the value of  from [Ljava.lang.CharSequence;@59b38691
2020-09-245 15:36:10 21242 INFO  [main] - After Change the value of  as [Ljava.lang.CharSequence;@59b38691
2020-09-245 15:36:10 21244 INFO  [main] - Just before finding element: By.cssSelector: input#password on browser: ChromeDriver: chrome on WINDOWS (c401f01725e1dcb2be52e59eeabf7d05)
2020-09-245 15:36:10 21287 INFO  [main] - Just after finding element: By.cssSelector: input#password inside [[ChromeDriver: chrome on WINDOWS (c401f01725e1dcb2be52e59eeabf7d05)] -> css selector: input#password] Web element on browser: ChromeDriver: chrome on WINDOWS (c401f01725e1dcb2be52e59eeabf7d05)
2020-09-245 15:36:10 21331 INFO  [main] - Before Change the value of  from [Ljava.lang.CharSequence;@4879dfad
2020-09-245 15:36:10 21585 INFO  [main] - After Change the value of  as [Ljava.lang.CharSequence;@4879dfad
2020-09-245 15:36:10 21588 INFO  [main] - Just before finding element: By.cssSelector: button.btn.btn-block.btn-primary.btn-lg.font-weight-medium.auth-form-btn.mirror-view-btn-primary on browser: ChromeDriver: chrome on WINDOWS (c401f01725e1dcb2be52e59eeabf7d05)
2020-09-245 15:36:10 21638 INFO  [main] - Just after finding element: By.cssSelector: button.btn.btn-block.btn-primary.btn-lg.font-weight-medium.auth-form-btn.mirror-view-btn-primary inside [[ChromeDriver: chrome on WINDOWS (c401f01725e1dcb2be52e59eeabf7d05)] -> css selector: button.btn.btn-block.btn-primary.btn-lg.font-weight-medium.auth-form-btn.mirror-view-btn-primary] Web element on browser: ChromeDriver: chrome on WINDOWS (c401f01725e1dcb2be52e59eeabf7d05)
2020-09-245 15:36:10 21701 INFO  [main] - Trying to click on Sign In button
2020-09-245 15:36:23 34090 INFO  [main] - Just before finding element: By.xpath: //a[@href='https://ijmeet.com/app'] on browser: ChromeDriver: chrome on WINDOWS (c401f01725e1dcb2be52e59eeabf7d05)
2020-09-245 15:36:23 34157 INFO  [main] - Just after finding element: By.xpath: //a[@href='https://ijmeet.com/app'] inside [[ChromeDriver: chrome on WINDOWS (c401f01725e1dcb2be52e59eeabf7d05)] -> xpath: //a[@href='https://ijmeet.com/app']] Web element on browser: ChromeDriver: chrome on WINDOWS (c401f01725e1dcb2be52e59eeabf7d05)
2020-09-245 15:36:23 34255 INFO  [main] - Trying to click on Join meeting a
2020-09-245 15:42:20 0 INFO  [main] - Try to navigate https://ijmeet.com/login url
2020-09-245 15:42:45 24752 INFO  [main] - Navigate to https://ijmeet.com/login url
2020-09-245 15:42:45 24835 INFO  [main] - Just before finding element: By.cssSelector: a.nav-link.nav-right-cutom-bg.font-weight-bold on browser: ChromeDriver: chrome on WINDOWS (06552a1023f93fa15c7f4561dde2d4c5)
2020-09-245 15:42:45 24893 INFO  [main] - Just after finding element: By.cssSelector: a.nav-link.nav-right-cutom-bg.font-weight-bold inside [[ChromeDriver: chrome on WINDOWS (06552a1023f93fa15c7f4561dde2d4c5)] -> css selector: a.nav-link.nav-right-cutom-bg.font-weight-bold] Web element on browser: ChromeDriver: chrome on WINDOWS (06552a1023f93fa15c7f4561dde2d4c5)
2020-09-245 15:42:45 25253 INFO  [main] - Trying to click on Sign In a
2020-09-245 15:42:46 26285 INFO  [main] - Just before finding element: By.cssSelector: input#email on browser: ChromeDriver: chrome on WINDOWS (06552a1023f93fa15c7f4561dde2d4c5)
2020-09-245 15:42:46 26337 INFO  [main] - Just after finding element: By.cssSelector: input#email inside [[ChromeDriver: chrome on WINDOWS (06552a1023f93fa15c7f4561dde2d4c5)] -> css selector: input#email] Web element on browser: ChromeDriver: chrome on WINDOWS (06552a1023f93fa15c7f4561dde2d4c5)
2020-09-245 15:42:46 26400 INFO  [main] - Before Change the value of  from [Ljava.lang.CharSequence;@59b38691
2020-09-245 15:42:47 26722 INFO  [main] - After Change the value of  as [Ljava.lang.CharSequence;@59b38691
2020-09-245 15:42:47 26724 INFO  [main] - Just before finding element: By.cssSelector: input#password on browser: ChromeDriver: chrome on WINDOWS (06552a1023f93fa15c7f4561dde2d4c5)
2020-09-245 15:42:47 26768 INFO  [main] - Just after finding element: By.cssSelector: input#password inside [[ChromeDriver: chrome on WINDOWS (06552a1023f93fa15c7f4561dde2d4c5)] -> css selector: input#password] Web element on browser: ChromeDriver: chrome on WINDOWS (06552a1023f93fa15c7f4561dde2d4c5)
2020-09-245 15:42:47 26812 INFO  [main] - Before Change the value of  from [Ljava.lang.CharSequence;@4879dfad
2020-09-245 15:42:47 27055 INFO  [main] - After Change the value of  as [Ljava.lang.CharSequence;@4879dfad
2020-09-245 15:42:47 27057 INFO  [main] - Just before finding element: By.cssSelector: button.btn.btn-block.btn-primary.btn-lg.font-weight-medium.auth-form-btn.mirror-view-btn-primary on browser: ChromeDriver: chrome on WINDOWS (06552a1023f93fa15c7f4561dde2d4c5)
2020-09-245 15:42:47 27101 INFO  [main] - Just after finding element: By.cssSelector: button.btn.btn-block.btn-primary.btn-lg.font-weight-medium.auth-form-btn.mirror-view-btn-primary inside [[ChromeDriver: chrome on WINDOWS (06552a1023f93fa15c7f4561dde2d4c5)] -> css selector: button.btn.btn-block.btn-primary.btn-lg.font-weight-medium.auth-form-btn.mirror-view-btn-primary] Web element on browser: ChromeDriver: chrome on WINDOWS (06552a1023f93fa15c7f4561dde2d4c5)
2020-09-245 15:42:47 27154 INFO  [main] - Trying to click on Sign In button
2020-09-245 15:42:58 37840 INFO  [main] - Just before finding element: By.cssSelector: button.btn.first-btn-warning.btn-rounded.btn-fw.quick-meeting-create on browser: ChromeDriver: chrome on WINDOWS (06552a1023f93fa15c7f4561dde2d4c5)
2020-09-245 15:42:58 37918 INFO  [main] - Just after finding element: By.cssSelector: button.btn.first-btn-warning.btn-rounded.btn-fw.quick-meeting-create inside [[ChromeDriver: chrome on WINDOWS (06552a1023f93fa15c7f4561dde2d4c5)] -> css selector: button.btn.first-btn-warning.btn-rounded.btn-fw.quick-meeting-create] Web element on browser: ChromeDriver: chrome on WINDOWS (06552a1023f93fa15c7f4561dde2d4c5)
2020-09-245 15:42:58 38020 INFO  [main] - Trying to click on Quick meeting button
2020-09-245 15:49:11 0 INFO  [main] - Try to navigate https://ijmeet.com/login url
2020-09-245 15:49:48 36890 INFO  [main] - Navigate to https://ijmeet.com/login url
2020-09-245 15:49:48 37013 INFO  [main] - Just before finding element: By.cssSelector: a.nav-link.nav-right-cutom-bg.font-weight-bold on browser: ChromeDriver: chrome on WINDOWS (bf0c71d7814575522fbac462f5bb9e18)
2020-09-245 15:49:48 37080 INFO  [main] - Just after finding element: By.cssSelector: a.nav-link.nav-right-cutom-bg.font-weight-bold inside [[ChromeDriver: chrome on WINDOWS (bf0c71d7814575522fbac462f5bb9e18)] -> css selector: a.nav-link.nav-right-cutom-bg.font-weight-bold] Web element on browser: ChromeDriver: chrome on WINDOWS (bf0c71d7814575522fbac462f5bb9e18)
2020-09-245 15:49:48 37296 INFO  [main] - Trying to click on Sign In a
2020-09-245 15:49:50 38821 INFO  [main] - Just before finding element: By.cssSelector: input#email on browser: ChromeDriver: chrome on WINDOWS (bf0c71d7814575522fbac462f5bb9e18)
2020-09-245 15:49:50 38972 INFO  [main] - Just after finding element: By.cssSelector: input#email inside [[ChromeDriver: chrome on WINDOWS (bf0c71d7814575522fbac462f5bb9e18)] -> css selector: input#email] Web element on browser: ChromeDriver: chrome on WINDOWS (bf0c71d7814575522fbac462f5bb9e18)
2020-09-245 15:49:50 39039 INFO  [main] - Before Change the value of  from [Ljava.lang.CharSequence;@59b38691
2020-09-245 15:49:51 39532 INFO  [main] - After Change the value of  as [Ljava.lang.CharSequence;@59b38691
2020-09-245 15:49:51 39535 INFO  [main] - Just before finding element: By.cssSelector: input#password on browser: ChromeDriver: chrome on WINDOWS (bf0c71d7814575522fbac462f5bb9e18)
2020-09-245 15:49:51 39595 INFO  [main] - Just after finding element: By.cssSelector: input#password inside [[ChromeDriver: chrome on WINDOWS (bf0c71d7814575522fbac462f5bb9e18)] -> css selector: input#password] Web element on browser: ChromeDriver: chrome on WINDOWS (bf0c71d7814575522fbac462f5bb9e18)
2020-09-245 15:49:51 39654 INFO  [main] - Before Change the value of  from [Ljava.lang.CharSequence;@4879dfad
2020-09-245 15:49:51 39957 INFO  [main] - After Change the value of  as [Ljava.lang.CharSequence;@4879dfad
2020-09-245 15:49:51 39960 INFO  [main] - Just before finding element: By.cssSelector: button.btn.btn-block.btn-primary.btn-lg.font-weight-medium.auth-form-btn.mirror-view-btn-primary on browser: ChromeDriver: chrome on WINDOWS (bf0c71d7814575522fbac462f5bb9e18)
2020-09-245 15:49:51 40020 INFO  [main] - Just after finding element: By.cssSelector: button.btn.btn-block.btn-primary.btn-lg.font-weight-medium.auth-form-btn.mirror-view-btn-primary inside [[ChromeDriver: chrome on WINDOWS (bf0c71d7814575522fbac462f5bb9e18)] -> css selector: button.btn.btn-block.btn-primary.btn-lg.font-weight-medium.auth-form-btn.mirror-view-btn-primary] Web element on browser: ChromeDriver: chrome on WINDOWS (bf0c71d7814575522fbac462f5bb9e18)
2020-09-245 15:49:51 40093 INFO  [main] - Trying to click on Sign In button
2020-09-245 15:50:00 49118 INFO  [main] - Just before finding element: By.cssSelector: button.btn.first-btn-warning.btn-rounded.btn-fw.quick-meeting-create on browser: ChromeDriver: chrome on WINDOWS (bf0c71d7814575522fbac462f5bb9e18)
2020-09-245 15:50:00 49154 INFO  [main] - Just after finding element: By.cssSelector: button.btn.first-btn-warning.btn-rounded.btn-fw.quick-meeting-create inside [[ChromeDriver: chrome on WINDOWS (bf0c71d7814575522fbac462f5bb9e18)] -> css selector: button.btn.first-btn-warning.btn-rounded.btn-fw.quick-meeting-create] Web element on browser: ChromeDriver: chrome on WINDOWS (bf0c71d7814575522fbac462f5bb9e18)
2020-09-245 15:50:00 49218 INFO  [main] - Trying to click on Quick meeting button
2020-09-245 15:50:01 49422 INFO  [main] - Just before finding element: By.cssSelector: div.modal-content on browser: ChromeDriver: chrome on WINDOWS (bf0c71d7814575522fbac462f5bb9e18)
2020-09-245 15:50:01 49468 INFO  [main] - Just after finding element: By.cssSelector: div.modal-content inside [[ChromeDriver: chrome on WINDOWS (bf0c71d7814575522fbac462f5bb9e18)] -> css selector: div.modal-content] Web element on browser: ChromeDriver: chrome on WINDOWS (bf0c71d7814575522fbac462f5bb9e18)
2020-09-245 15:50:01 49700 INFO  [main] - Just before finding element: By.cssSelector: div.project-meeting-url-view>span#meet-name on browser: ChromeDriver: chrome on WINDOWS (bf0c71d7814575522fbac462f5bb9e18)
2020-09-245 15:50:01 49859 INFO  [main] - Exception received as no such element: Unable to locate element: {"method":"css selector","selector":"div.project-meeting-url-view>span#meet-name"}
  (Session info: chrome=84.0.4147.135)
For documentation on this error, please visit: https://www.seleniumhq.org/exceptions/no_such_element.html
Build info: version: '3.141.59', revision: 'e82be7d358', time: '2018-11-14T08:17:03'
System info: host: 'PRIYANKA-PC', ip: '192.168.42.180', os.name: 'Windows 7', os.arch: 'amd64', os.version: '6.1', java.version: '1.8.0_231'
Driver info: org.openqa.selenium.chrome.ChromeDriver
Capabilities {acceptInsecureCerts: false, browserName: chrome, browserVersion: 84.0.4147.135, chrome: {chromedriverVersion: 84.0.4147.30 (48b3e868b4cc0..., userDataDir: C:\Users\Priyanka\AppData\L...}, goog:chromeOptions: {debuggerAddress: localhost:64357}, javascriptEnabled: true, networkConnectionEnabled: false, pageLoadStrategy: normal, platform: WINDOWS, platformName: WINDOWS, proxy: Proxy(), setWindowRect: true, strictFileInteractability: false, timeouts: {implicit: 0, pageLoad: 300000, script: 30000}, unhandledPromptBehavior: dismiss and notify, webauthn:virtualAuthenticators: true}
Session ID: bf0c71d7814575522fbac462f5bb9e18
*** Element info: {Using=css selector, value=div.project-meeting-url-view>span#meet-name}
2020-09-245 15:59:32 1 INFO  [main] - Try to navigate https://ijmeet.com/login url
2020-09-245 15:59:56 24595 INFO  [main] - Navigate to https://ijmeet.com/login url
2020-09-245 15:59:56 24609 INFO  [main] - Just before finding element: By.cssSelector: a.nav-link.nav-right-cutom-bg.font-weight-bold on browser: ChromeDriver: chrome on WINDOWS (980bf1226c51e419b72e3b303ac3c139)
2020-09-245 15:59:56 24685 INFO  [main] - Just after finding element: By.cssSelector: a.nav-link.nav-right-cutom-bg.font-weight-bold inside [[ChromeDriver: chrome on WINDOWS (980bf1226c51e419b72e3b303ac3c139)] -> css selector: a.nav-link.nav-right-cutom-bg.font-weight-bold] Web element on browser: ChromeDriver: chrome on WINDOWS (980bf1226c51e419b72e3b303ac3c139)
2020-09-245 15:59:56 24801 INFO  [main] - Trying to click on Sign In a
2020-09-245 15:59:58 26150 INFO  [main] - Just before finding element: By.cssSelector: input#email on browser: ChromeDriver: chrome on WINDOWS (980bf1226c51e419b72e3b303ac3c139)
2020-09-245 15:59:58 26250 INFO  [main] - Just after finding element: By.cssSelector: input#email inside [[ChromeDriver: chrome on WINDOWS (980bf1226c51e419b72e3b303ac3c139)] -> css selector: input#email] Web element on browser: ChromeDriver: chrome on WINDOWS (980bf1226c51e419b72e3b303ac3c139)
2020-09-245 15:59:58 26343 INFO  [main] - Before Change the value of  from [Ljava.lang.CharSequence;@59b38691
2020-09-245 15:59:58 26732 INFO  [main] - After Change the value of  as [Ljava.lang.CharSequence;@59b38691
2020-09-245 15:59:58 26735 INFO  [main] - Just before finding element: By.cssSelector: input#password on browser: ChromeDriver: chrome on WINDOWS (980bf1226c51e419b72e3b303ac3c139)
2020-09-245 15:59:58 26783 INFO  [main] - Just after finding element: By.cssSelector: input#password inside [[ChromeDriver: chrome on WINDOWS (980bf1226c51e419b72e3b303ac3c139)] -> css selector: input#password] Web element on browser: ChromeDriver: chrome on WINDOWS (980bf1226c51e419b72e3b303ac3c139)
2020-09-245 15:59:58 26837 INFO  [main] - Before Change the value of  from [Ljava.lang.CharSequence;@4879dfad
2020-09-245 15:59:59 27144 INFO  [main] - After Change the value of  as [Ljava.lang.CharSequence;@4879dfad
2020-09-245 15:59:59 27147 INFO  [main] - Just before finding element: By.cssSelector: button.btn.btn-block.btn-primary.btn-lg.font-weight-medium.auth-form-btn.mirror-view-btn-primary on browser: ChromeDriver: chrome on WINDOWS (980bf1226c51e419b72e3b303ac3c139)
2020-09-245 15:59:59 27206 INFO  [main] - Just after finding element: By.cssSelector: button.btn.btn-block.btn-primary.btn-lg.font-weight-medium.auth-form-btn.mirror-view-btn-primary inside [[ChromeDriver: chrome on WINDOWS (980bf1226c51e419b72e3b303ac3c139)] -> css selector: button.btn.btn-block.btn-primary.btn-lg.font-weight-medium.auth-form-btn.mirror-view-btn-primary] Web element on browser: ChromeDriver: chrome on WINDOWS (980bf1226c51e419b72e3b303ac3c139)
2020-09-245 15:59:59 27286 INFO  [main] - Trying to click on Sign In button
2020-09-245 16:00:10 38689 INFO  [main] - Just before finding element: By.cssSelector: button.btn.first-btn-warning.btn-rounded.btn-fw.quick-meeting-create on browser: ChromeDriver: chrome on WINDOWS (980bf1226c51e419b72e3b303ac3c139)
2020-09-245 16:00:10 38748 INFO  [main] - Just after finding element: By.cssSelector: button.btn.first-btn-warning.btn-rounded.btn-fw.quick-meeting-create inside [[ChromeDriver: chrome on WINDOWS (980bf1226c51e419b72e3b303ac3c139)] -> css selector: button.btn.first-btn-warning.btn-rounded.btn-fw.quick-meeting-create] Web element on browser: ChromeDriver: chrome on WINDOWS (980bf1226c51e419b72e3b303ac3c139)
2020-09-245 16:00:10 38842 INFO  [main] - Trying to click on Quick meeting button
2020-09-245 16:00:11 39191 INFO  [main] - Just before finding element: By.cssSelector: div.modal-content on browser: ChromeDriver: chrome on WINDOWS (980bf1226c51e419b72e3b303ac3c139)
2020-09-245 16:00:11 39251 INFO  [main] - Just after finding element: By.cssSelector: div.modal-content inside [[ChromeDriver: chrome on WINDOWS (980bf1226c51e419b72e3b303ac3c139)] -> css selector: div.modal-content] Web element on browser: ChromeDriver: chrome on WINDOWS (980bf1226c51e419b72e3b303ac3c139)
2020-09-245 16:00:11 39445 INFO  [main] - Just before finding element: By.cssSelector: div.project-meeting-url-view>span#meet-name on browser: ChromeDriver: chrome on WINDOWS (980bf1226c51e419b72e3b303ac3c139)
2020-09-245 16:00:11 39516 INFO  [main] - Exception received as no such element: Unable to locate element: {"method":"css selector","selector":"div.project-meeting-url-view>span#meet-name"}
  (Session info: chrome=84.0.4147.135)
For documentation on this error, please visit: https://www.seleniumhq.org/exceptions/no_such_element.html
Build info: version: '3.141.59', revision: 'e82be7d358', time: '2018-11-14T08:17:03'
System info: host: 'PRIYANKA-PC', ip: '192.168.42.180', os.name: 'Windows 7', os.arch: 'amd64', os.version: '6.1', java.version: '1.8.0_231'
Driver info: org.openqa.selenium.chrome.ChromeDriver
Capabilities {acceptInsecureCerts: false, browserName: chrome, browserVersion: 84.0.4147.135, chrome: {chromedriverVersion: 84.0.4147.30 (48b3e868b4cc0..., userDataDir: C:\Users\Priyanka\AppData\L...}, goog:chromeOptions: {debuggerAddress: localhost:64686}, javascriptEnabled: true, networkConnectionEnabled: false, pageLoadStrategy: normal, platform: WINDOWS, platformName: WINDOWS, proxy: Proxy(), setWindowRect: true, strictFileInteractability: false, timeouts: {implicit: 0, pageLoad: 300000, script: 30000}, unhandledPromptBehavior: dismiss and notify, webauthn:virtualAuthenticators: true}
Session ID: 980bf1226c51e419b72e3b303ac3c139
*** Element info: {Using=css selector, value=div.project-meeting-url-view>span#meet-name}
